{"/home/admin-ts/techlabs-automation/frontend/src/App.tsx": {"path":"/home/admin-ts/techlabs-automation/frontend/src/App.tsx","statementMap":{"0":{"start":{"line":15,"column":30},"end":{"line":15,"column":75}},"1":{"start":{"line":15,"column":64},"end":{"line":15,"column":74}},"2":{"start":{"line":17,"column":2},"end":{"line":19,"column":3}},"3":{"start":{"line":18,"column":4},"end":{"line":18,"column":21}},"4":{"start":{"line":21,"column":2},"end":{"line":34,"column":4}}},"fnMap":{"0":{"name":"App","decl":{"start":{"line":14,"column":9},"end":{"line":14,"column":12}},"loc":{"start":{"line":14,"column":15},"end":{"line":35,"column":1}},"line":14},"1":{"name":"(anonymous_1)","decl":{"start":{"line":15,"column":42},"end":{"line":15,"column":43}},"loc":{"start":{"line":15,"column":64},"end":{"line":15,"column":74}},"line":15}},"branchMap":{"0":{"loc":{"start":{"line":17,"column":2},"end":{"line":19,"column":3}},"type":"if","locations":[{"start":{"line":17,"column":2},"end":{"line":19,"column":3}},{"start":{},"end":{}}],"line":17}},"s":{"0":0,"1":0,"2":0,"3":0,"4":0},"f":{"0":0,"1":0},"b":{"0":[0,0]}}
,"/home/admin-ts/techlabs-automation/frontend/src/index.tsx": {"path":"/home/admin-ts/techlabs-automation/frontend/src/index.tsx","statementMap":{"0":{"start":{"line":13,"column":20},"end":{"line":21,"column":2}},"1":{"start":{"line":23,"column":13},"end":{"line":25,"column":1}},"2":{"start":{"line":27,"column":0},"end":{"line":53,"column":2}}},"fnMap":{},"branchMap":{},"s":{"0":0,"1":0,"2":0},"f":{},"b":{}}
,"/home/admin-ts/techlabs-automation/frontend/src/components/DeploymentLogs.tsx": {"path":"/home/admin-ts/techlabs-automation/frontend/src/components/DeploymentLogs.tsx","statementMap":{"0":{"start":{"line":26,"column":54},"end":{"line":186,"column":1}},"1":{"start":{"line":30,"column":38},"end":{"line":30,"column":53}},"2":{"start":{"line":31,"column":42},"end":{"line":31,"column":74}},"3":{"start":{"line":33,"column":24},"end":{"line":45,"column":3}},"4":{"start":{"line":34,"column":4},"end":{"line":44,"column":5}},"5":{"start":{"line":36,"column":8},"end":{"line":36,"column":72}},"6":{"start":{"line":38,"column":8},"end":{"line":38,"column":77}},"7":{"start":{"line":41,"column":8},"end":{"line":41,"column":79}},"8":{"start":{"line":43,"column":8},"end":{"line":43,"column":63}},"9":{"start":{"line":47,"column":25},"end":{"line":59,"column":3}},"10":{"start":{"line":48,"column":4},"end":{"line":58,"column":5}},"11":{"start":{"line":50,"column":8},"end":{"line":50,"column":67}},"12":{"start":{"line":52,"column":8},"end":{"line":52,"column":64}},"13":{"start":{"line":55,"column":8},"end":{"line":55,"column":67}},"14":{"start":{"line":57,"column":8},"end":{"line":57,"column":58}},"15":{"start":{"line":61,"column":29},"end":{"line":69,"column":3}},"16":{"start":{"line":62,"column":24},"end":{"line":62,"column":45}},"17":{"start":{"line":63,"column":4},"end":{"line":67,"column":5}},"18":{"start":{"line":64,"column":6},"end":{"line":64,"column":32}},"19":{"start":{"line":66,"column":6},"end":{"line":66,"column":29}},"20":{"start":{"line":68,"column":4},"end":{"line":68,"column":33}},"21":{"start":{"line":71,"column":26},"end":{"line":84,"column":3}},"22":{"start":{"line":72,"column":4},"end":{"line":74,"column":5}},"23":{"start":{"line":73,"column":6},"end":{"line":73,"column":19}},"24":{"start":{"line":75,"column":4},"end":{"line":83,"column":5}},"25":{"start":{"line":76,"column":19},"end":{"line":76,"column":38}},"26":{"start":{"line":77,"column":6},"end":{"line":79,"column":7}},"27":{"start":{"line":78,"column":8},"end":{"line":78,"column":30}},"28":{"start":{"line":80,"column":6},"end":{"line":80,"column":35}},"29":{"start":{"line":82,"column":6},"end":{"line":82,"column":28}},"30":{"start":{"line":86,"column":25},"end":{"line":91,"column":3}},"31":{"start":{"line":87,"column":4},"end":{"line":87,"column":25}},"32":{"start":{"line":87,"column":15},"end":{"line":87,"column":25}},"33":{"start":{"line":90,"column":4},"end":{"line":90,"column":47}},"34":{"start":{"line":93,"column":2},"end":{"line":100,"column":3}},"35":{"start":{"line":94,"column":4},"end":{"line":99,"column":6}},"36":{"start":{"line":102,"column":2},"end":{"line":185,"column":4}},"37":{"start":{"line":105,"column":23},"end":{"line":105,"column":49}},"38":{"start":{"line":125,"column":14},"end":{"line":179,"column":20}},"39":{"start":{"line":156,"column":37},"end":{"line":156,"column":63}}},"fnMap":{"0":{"name":"(anonymous_0)","decl":{"start":{"line":26,"column":54},"end":{"line":26,"column":55}},"loc":{"start":{"line":29,"column":6},"end":{"line":186,"column":1}},"line":29},"1":{"name":"(anonymous_1)","decl":{"start":{"line":33,"column":24},"end":{"line":33,"column":25}},"loc":{"start":{"line":33,"column":44},"end":{"line":45,"column":3}},"line":33},"2":{"name":"(anonymous_2)","decl":{"start":{"line":47,"column":25},"end":{"line":47,"column":26}},"loc":{"start":{"line":47,"column":45},"end":{"line":59,"column":3}},"line":47},"3":{"name":"(anonymous_3)","decl":{"start":{"line":61,"column":29},"end":{"line":61,"column":30}},"loc":{"start":{"line":61,"column":48},"end":{"line":69,"column":3}},"line":61},"4":{"name":"(anonymous_4)","decl":{"start":{"line":71,"column":26},"end":{"line":71,"column":27}},"loc":{"start":{"line":71,"column":68},"end":{"line":84,"column":3}},"line":71},"5":{"name":"(anonymous_5)","decl":{"start":{"line":86,"column":25},"end":{"line":86,"column":26}},"loc":{"start":{"line":86,"column":62},"end":{"line":91,"column":3}},"line":86},"6":{"name":"(anonymous_6)","decl":{"start":{"line":105,"column":17},"end":{"line":105,"column":18}},"loc":{"start":{"line":105,"column":23},"end":{"line":105,"column":49}},"line":105},"7":{"name":"(anonymous_7)","decl":{"start":{"line":124,"column":21},"end":{"line":124,"column":22}},"loc":{"start":{"line":125,"column":14},"end":{"line":179,"column":20}},"line":125},"8":{"name":"(anonymous_8)","decl":{"start":{"line":156,"column":31},"end":{"line":156,"column":32}},"loc":{"start":{"line":156,"column":37},"end":{"line":156,"column":63}},"line":156}},"branchMap":{"0":{"loc":{"start":{"line":28,"column":2},"end":{"line":28,"column":19}},"type":"default-arg","locations":[{"start":{"line":28,"column":14},"end":{"line":28,"column":19}}],"line":28},"1":{"loc":{"start":{"line":34,"column":4},"end":{"line":44,"column":5}},"type":"switch","locations":[{"start":{"line":35,"column":6},"end":{"line":36,"column":72}},{"start":{"line":37,"column":6},"end":{"line":38,"column":77}},{"start":{"line":39,"column":6},"end":{"line":39,"column":21}},{"start":{"line":40,"column":6},"end":{"line":41,"column":79}},{"start":{"line":42,"column":6},"end":{"line":43,"column":63}}],"line":34},"2":{"loc":{"start":{"line":48,"column":4},"end":{"line":58,"column":5}},"type":"switch","locations":[{"start":{"line":49,"column":6},"end":{"line":50,"column":67}},{"start":{"line":51,"column":6},"end":{"line":52,"column":64}},{"start":{"line":53,"column":6},"end":{"line":53,"column":21}},{"start":{"line":54,"column":6},"end":{"line":55,"column":67}},{"start":{"line":56,"column":6},"end":{"line":57,"column":58}}],"line":48},"3":{"loc":{"start":{"line":63,"column":4},"end":{"line":67,"column":5}},"type":"if","locations":[{"start":{"line":63,"column":4},"end":{"line":67,"column":5}},{"start":{"line":65,"column":11},"end":{"line":67,"column":5}}],"line":63},"4":{"loc":{"start":{"line":72,"column":4},"end":{"line":74,"column":5}},"type":"if","locations":[{"start":{"line":72,"column":4},"end":{"line":74,"column":5}},{"start":{},"end":{}}],"line":72},"5":{"loc":{"start":{"line":77,"column":6},"end":{"line":79,"column":7}},"type":"if","locations":[{"start":{"line":77,"column":6},"end":{"line":79,"column":7}},{"start":{},"end":{}}],"line":77},"6":{"loc":{"start":{"line":87,"column":4},"end":{"line":87,"column":25}},"type":"if","locations":[{"start":{"line":87,"column":4},"end":{"line":87,"column":25}},{"start":{},"end":{}}],"line":87},"7":{"loc":{"start":{"line":93,"column":2},"end":{"line":100,"column":3}},"type":"if","locations":[{"start":{"line":93,"column":2},"end":{"line":100,"column":3}},{"start":{},"end":{}}],"line":93},"8":{"loc":{"start":{"line":110,"column":9},"end":{"line":114,"column":9}},"type":"cond-expr","locations":[{"start":{"line":111,"column":10},"end":{"line":111,"column":52}},{"start":{"line":113,"column":10},"end":{"line":113,"column":54}}],"line":110},"9":{"loc":{"start":{"line":117,"column":7},"end":{"line":183,"column":7}},"type":"binary-expr","locations":[{"start":{"line":117,"column":7},"end":{"line":117,"column":17}},{"start":{"line":118,"column":8},"end":{"line":182,"column":14}}],"line":117},"10":{"loc":{"start":{"line":119,"column":11},"end":{"line":181,"column":11}},"type":"cond-expr","locations":[{"start":{"line":120,"column":12},"end":{"line":122,"column":18}},{"start":{"line":124,"column":12},"end":{"line":180,"column":14}}],"line":119},"11":{"loc":{"start":{"line":121,"column":15},"end":{"line":121,"column":88}},"type":"cond-expr","locations":[{"start":{"line":121,"column":27},"end":{"line":121,"column":55}},{"start":{"line":121,"column":58},"end":{"line":121,"column":88}}],"line":121},"12":{"loc":{"start":{"line":144,"column":17},"end":{"line":151,"column":17}},"type":"binary-expr","locations":[{"start":{"line":144,"column":17},"end":{"line":144,"column":34}},{"start":{"line":145,"column":18},"end":{"line":150,"column":24}}],"line":144},"13":{"loc":{"start":{"line":153,"column":17},"end":{"line":178,"column":17}},"type":"binary-expr","locations":[{"start":{"line":153,"column":18},"end":{"line":153,"column":38}},{"start":{"line":153,"column":42},"end":{"line":153,"column":59}},{"start":{"line":154,"column":18},"end":{"line":177,"column":24}}],"line":153},"14":{"loc":{"start":{"line":159,"column":23},"end":{"line":169,"column":23}},"type":"cond-expr","locations":[{"start":{"line":160,"column":24},"end":{"line":163,"column":27}},{"start":{"line":165,"column":24},"end":{"line":168,"column":27}}],"line":159},"15":{"loc":{"start":{"line":172,"column":21},"end":{"line":176,"column":21}},"type":"binary-expr","locations":[{"start":{"line":172,"column":21},"end":{"line":172,"column":45}},{"start":{"line":172,"column":49},"end":{"line":172,"column":69}},{"start":{"line":173,"column":22},"end":{"line":175,"column":28}}],"line":172}},"s":{"0":0,"1":0,"2":0,"3":0,"4":0,"5":0,"6":0,"7":0,"8":0,"9":0,"10":0,"11":0,"12":0,"13":0,"14":0,"15":0,"16":0,"17":0,"18":0,"19":0,"20":0,"21":0,"22":0,"23":0,"24":0,"25":0,"26":0,"27":0,"28":0,"29":0,"30":0,"31":0,"32":0,"33":0,"34":0,"35":0,"36":0,"37":0,"38":0,"39":0},"f":{"0":0,"1":0,"2":0,"3":0,"4":0,"5":0,"6":0,"7":0,"8":0},"b":{"0":[0],"1":[0,0,0,0,0],"2":[0,0,0,0,0],"3":[0,0],"4":[0,0],"5":[0,0],"6":[0,0],"7":[0,0],"8":[0,0],"9":[0,0],"10":[0,0],"11":[0,0],"12":[0,0],"13":[0,0,0],"14":[0,0],"15":[0,0,0]}}
,"/home/admin-ts/techlabs-automation/frontend/src/components/DropdownMenu.tsx": {"path":"/home/admin-ts/techlabs-automation/frontend/src/components/DropdownMenu.tsx","statementMap":{"0":{"start":{"line":19,"column":50},"end":{"line":146,"column":1}},"1":{"start":{"line":27,"column":18},"end":{"line":27,"column":46}},"2":{"start":{"line":28,"column":34},"end":{"line":28,"column":111}},"3":{"start":{"line":30,"column":28},"end":{"line":77,"column":23}},"4":{"start":{"line":31,"column":4},"end":{"line":31,"column":53}},"5":{"start":{"line":31,"column":46},"end":{"line":31,"column":53}},"6":{"start":{"line":33,"column":24},"end":{"line":33,"column":63}},"7":{"start":{"line":34,"column":21},"end":{"line":34,"column":60}},"8":{"start":{"line":35,"column":21},"end":{"line":40,"column":5}},"9":{"start":{"line":43,"column":14},"end":{"line":43,"column":62}},"10":{"start":{"line":44,"column":15},"end":{"line":44,"column":79}},"11":{"start":{"line":45,"column":26},"end":{"line":45,"column":37}},"12":{"start":{"line":48,"column":4},"end":{"line":52,"column":5}},"13":{"start":{"line":50,"column":6},"end":{"line":50,"column":60}},"14":{"start":{"line":51,"column":6},"end":{"line":51,"column":35}},"15":{"start":{"line":55,"column":4},"end":{"line":59,"column":5}},"16":{"start":{"line":57,"column":6},"end":{"line":57,"column":76}},"17":{"start":{"line":58,"column":6},"end":{"line":58,"column":65}},"18":{"start":{"line":62,"column":4},"end":{"line":64,"column":5}},"19":{"start":{"line":63,"column":6},"end":{"line":63,"column":35}},"20":{"start":{"line":67,"column":4},"end":{"line":69,"column":5}},"21":{"start":{"line":68,"column":6},"end":{"line":68,"column":69}},"22":{"start":{"line":72,"column":4},"end":{"line":74,"column":5}},"23":{"start":{"line":73,"column":6},"end":{"line":73,"column":34}},"24":{"start":{"line":76,"column":4},"end":{"line":76,"column":48}},"25":{"start":{"line":80,"column":2},"end":{"line":95,"column":34}},"26":{"start":{"line":81,"column":4},"end":{"line":81,"column":24}},"27":{"start":{"line":81,"column":17},"end":{"line":81,"column":24}},"28":{"start":{"line":83,"column":4},"end":{"line":83,"column":24}},"29":{"start":{"line":85,"column":25},"end":{"line":85,"column":50}},"30":{"start":{"line":85,"column":31},"end":{"line":85,"column":50}},"31":{"start":{"line":86,"column":25},"end":{"line":86,"column":50}},"32":{"start":{"line":86,"column":31},"end":{"line":86,"column":50}},"33":{"start":{"line":88,"column":4},"end":{"line":88,"column":52}},"34":{"start":{"line":89,"column":4},"end":{"line":89,"column":58}},"35":{"start":{"line":91,"column":4},"end":{"line":94,"column":6}},"36":{"start":{"line":92,"column":6},"end":{"line":92,"column":57}},"37":{"start":{"line":93,"column":6},"end":{"line":93,"column":63}},"38":{"start":{"line":98,"column":2},"end":{"line":125,"column":33}},"39":{"start":{"line":99,"column":4},"end":{"line":99,"column":24}},"40":{"start":{"line":99,"column":17},"end":{"line":99,"column":24}},"41":{"start":{"line":101,"column":31},"end":{"line":110,"column":5}},"42":{"start":{"line":102,"column":6},"end":{"line":109,"column":7}},"43":{"start":{"line":108,"column":8},"end":{"line":108,"column":18}},"44":{"start":{"line":112,"column":25},"end":{"line":116,"column":5}},"45":{"start":{"line":113,"column":6},"end":{"line":115,"column":7}},"46":{"start":{"line":114,"column":8},"end":{"line":114,"column":18}},"47":{"start":{"line":118,"column":4},"end":{"line":118,"column":63}},"48":{"start":{"line":119,"column":4},"end":{"line":119,"column":55}},"49":{"start":{"line":121,"column":4},"end":{"line":124,"column":6}},"50":{"start":{"line":122,"column":6},"end":{"line":122,"column":68}},"51":{"start":{"line":123,"column":6},"end":{"line":123,"column":60}},"52":{"start":{"line":127,"column":2},"end":{"line":127,"column":27}},"53":{"start":{"line":127,"column":15},"end":{"line":127,"column":27}},"54":{"start":{"line":130,"column":4},"end":{"line":141,"column":10}},"55":{"start":{"line":138,"column":22},"end":{"line":138,"column":41}},"56":{"start":{"line":145,"column":2},"end":{"line":145,"column":43}}},"fnMap":{"0":{"name":"(anonymous_0)","decl":{"start":{"line":19,"column":50},"end":{"line":19,"column":51}},"loc":{"start":{"line":26,"column":6},"end":{"line":146,"column":1}},"line":26},"1":{"name":"(anonymous_1)","decl":{"start":{"line":30,"column":40},"end":{"line":30,"column":41}},"loc":{"start":{"line":30,"column":46},"end":{"line":77,"column":3}},"line":30},"2":{"name":"(anonymous_2)","decl":{"start":{"line":80,"column":12},"end":{"line":80,"column":13}},"loc":{"start":{"line":80,"column":18},"end":{"line":95,"column":3}},"line":80},"3":{"name":"(anonymous_3)","decl":{"start":{"line":85,"column":25},"end":{"line":85,"column":26}},"loc":{"start":{"line":85,"column":31},"end":{"line":85,"column":50}},"line":85},"4":{"name":"(anonymous_4)","decl":{"start":{"line":86,"column":25},"end":{"line":86,"column":26}},"loc":{"start":{"line":86,"column":31},"end":{"line":86,"column":50}},"line":86},"5":{"name":"(anonymous_5)","decl":{"start":{"line":91,"column":11},"end":{"line":91,"column":12}},"loc":{"start":{"line":91,"column":17},"end":{"line":94,"column":5}},"line":91},"6":{"name":"(anonymous_6)","decl":{"start":{"line":98,"column":12},"end":{"line":98,"column":13}},"loc":{"start":{"line":98,"column":18},"end":{"line":125,"column":3}},"line":98},"7":{"name":"(anonymous_7)","decl":{"start":{"line":101,"column":31},"end":{"line":101,"column":32}},"loc":{"start":{"line":101,"column":54},"end":{"line":110,"column":5}},"line":101},"8":{"name":"(anonymous_8)","decl":{"start":{"line":112,"column":25},"end":{"line":112,"column":26}},"loc":{"start":{"line":112,"column":51},"end":{"line":116,"column":5}},"line":112},"9":{"name":"(anonymous_9)","decl":{"start":{"line":121,"column":11},"end":{"line":121,"column":12}},"loc":{"start":{"line":121,"column":17},"end":{"line":124,"column":5}},"line":121},"10":{"name":"(anonymous_10)","decl":{"start":{"line":138,"column":15},"end":{"line":138,"column":16}},"loc":{"start":{"line":138,"column":22},"end":{"line":138,"column":41}},"line":138}},"branchMap":{"0":{"loc":{"start":{"line":24,"column":2},"end":{"line":24,"column":16}},"type":"default-arg","locations":[{"start":{"line":24,"column":14},"end":{"line":24,"column":16}}],"line":24},"1":{"loc":{"start":{"line":25,"column":2},"end":{"line":25,"column":25}},"type":"default-arg","locations":[{"start":{"line":25,"column":11},"end":{"line":25,"column":25}}],"line":25},"2":{"loc":{"start":{"line":31,"column":4},"end":{"line":31,"column":53}},"type":"if","locations":[{"start":{"line":31,"column":4},"end":{"line":31,"column":53}},{"start":{},"end":{}}],"line":31},"3":{"loc":{"start":{"line":31,"column":8},"end":{"line":31,"column":44}},"type":"binary-expr","locations":[{"start":{"line":31,"column":8},"end":{"line":31,"column":24}},{"start":{"line":31,"column":28},"end":{"line":31,"column":44}}],"line":31},"4":{"loc":{"start":{"line":48,"column":4},"end":{"line":52,"column":5}},"type":"if","locations":[{"start":{"line":48,"column":4},"end":{"line":52,"column":5}},{"start":{},"end":{}}],"line":48},"5":{"loc":{"start":{"line":55,"column":4},"end":{"line":59,"column":5}},"type":"if","locations":[{"start":{"line":55,"column":4},"end":{"line":59,"column":5}},{"start":{},"end":{}}],"line":55},"6":{"loc":{"start":{"line":62,"column":4},"end":{"line":64,"column":5}},"type":"if","locations":[{"start":{"line":62,"column":4},"end":{"line":64,"column":5}},{"start":{},"end":{}}],"line":62},"7":{"loc":{"start":{"line":67,"column":4},"end":{"line":69,"column":5}},"type":"if","locations":[{"start":{"line":67,"column":4},"end":{"line":69,"column":5}},{"start":{},"end":{}}],"line":67},"8":{"loc":{"start":{"line":72,"column":4},"end":{"line":74,"column":5}},"type":"if","locations":[{"start":{"line":72,"column":4},"end":{"line":74,"column":5}},{"start":{},"end":{}}],"line":72},"9":{"loc":{"start":{"line":81,"column":4},"end":{"line":81,"column":24}},"type":"if","locations":[{"start":{"line":81,"column":4},"end":{"line":81,"column":24}},{"start":{},"end":{}}],"line":81},"10":{"loc":{"start":{"line":99,"column":4},"end":{"line":99,"column":24}},"type":"if","locations":[{"start":{"line":99,"column":4},"end":{"line":99,"column":24}},{"start":{},"end":{}}],"line":99},"11":{"loc":{"start":{"line":102,"column":6},"end":{"line":109,"column":7}},"type":"if","locations":[{"start":{"line":102,"column":6},"end":{"line":109,"column":7}},{"start":{},"end":{}}],"line":102},"12":{"loc":{"start":{"line":103,"column":8},"end":{"line":106,"column":55}},"type":"binary-expr","locations":[{"start":{"line":103,"column":8},"end":{"line":103,"column":23}},{"start":{"line":104,"column":8},"end":{"line":104,"column":23}},{"start":{"line":105,"column":8},"end":{"line":105,"column":55}},{"start":{"line":106,"column":8},"end":{"line":106,"column":55}}],"line":103},"13":{"loc":{"start":{"line":113,"column":6},"end":{"line":115,"column":7}},"type":"if","locations":[{"start":{"line":113,"column":6},"end":{"line":115,"column":7}},{"start":{},"end":{}}],"line":113},"14":{"loc":{"start":{"line":127,"column":2},"end":{"line":127,"column":27}},"type":"if","locations":[{"start":{"line":127,"column":2},"end":{"line":127,"column":27}},{"start":{},"end":{}}],"line":127}},"s":{"0":0,"1":0,"2":0,"3":0,"4":0,"5":0,"6":0,"7":0,"8":0,"9":0,"10":0,"11":0,"12":0,"13":0,"14":0,"15":0,"16":0,"17":0,"18":0,"19":0,"20":0,"21":0,"22":0,"23":0,"24":0,"25":0,"26":0,"27":0,"28":0,"29":0,"30":0,"31":0,"32":0,"33":0,"34":0,"35":0,"36":0,"37":0,"38":0,"39":0,"40":0,"41":0,"42":0,"43":0,"44":0,"45":0,"46":0,"47":0,"48":0,"49":0,"50":0,"51":0,"52":0,"53":0,"54":0,"55":0,"56":0},"f":{"0":0,"1":0,"2":0,"3":0,"4":0,"5":0,"6":0,"7":0,"8":0,"9":0,"10":0},"b":{"0":[0],"1":[0],"2":[0,0],"3":[0,0],"4":[0,0],"5":[0,0],"6":[0,0],"7":[0,0],"8":[0,0],"9":[0,0],"10":[0,0],"11":[0,0],"12":[0,0,0,0],"13":[0,0],"14":[0,0]}}
,"/home/admin-ts/techlabs-automation/frontend/src/components/Layout.tsx": {"path":"/home/admin-ts/techlabs-automation/frontend/src/components/Layout.tsx","statementMap":{"0":{"start":{"line":22,"column":38},"end":{"line":141,"column":1}},"1":{"start":{"line":23,"column":19},"end":{"line":23,"column":32}},"2":{"start":{"line":24,"column":19},"end":{"line":24,"column":64}},"3":{"start":{"line":24,"column":53},"end":{"line":24,"column":63}},"4":{"start":{"line":25,"column":26},"end":{"line":25,"column":69}},"5":{"start":{"line":25,"column":60},"end":{"line":25,"column":68}},"6":{"start":{"line":27,"column":23},"end":{"line":29,"column":3}},"7":{"start":{"line":28,"column":4},"end":{"line":28,"column":23}},"8":{"start":{"line":31,"column":21},"end":{"line":35,"column":3}},"9":{"start":{"line":37,"column":2},"end":{"line":140,"column":4}},"10":{"start":{"line":52,"column":27},"end":{"line":52,"column":52}},"11":{"start":{"line":62,"column":14},"end":{"line":75,"column":24}},"12":{"start":{"line":66,"column":18},"end":{"line":70,"column":20}},"13":{"start":{"line":108,"column":27},"end":{"line":108,"column":52}},"14":{"start":{"line":136,"column":25},"end":{"line":136,"column":50}}},"fnMap":{"0":{"name":"(anonymous_0)","decl":{"start":{"line":22,"column":38},"end":{"line":22,"column":39}},"loc":{"start":{"line":22,"column":56},"end":{"line":141,"column":1}},"line":22},"1":{"name":"(anonymous_1)","decl":{"start":{"line":24,"column":31},"end":{"line":24,"column":32}},"loc":{"start":{"line":24,"column":53},"end":{"line":24,"column":63}},"line":24},"2":{"name":"(anonymous_2)","decl":{"start":{"line":25,"column":38},"end":{"line":25,"column":39}},"loc":{"start":{"line":25,"column":60},"end":{"line":25,"column":68}},"line":25},"3":{"name":"(anonymous_3)","decl":{"start":{"line":27,"column":23},"end":{"line":27,"column":24}},"loc":{"start":{"line":27,"column":29},"end":{"line":29,"column":3}},"line":27},"4":{"name":"(anonymous_4)","decl":{"start":{"line":52,"column":21},"end":{"line":52,"column":22}},"loc":{"start":{"line":52,"column":27},"end":{"line":52,"column":52}},"line":52},"5":{"name":"(anonymous_5)","decl":{"start":{"line":61,"column":28},"end":{"line":61,"column":29}},"loc":{"start":{"line":62,"column":14},"end":{"line":75,"column":24}},"line":62},"6":{"name":"(anonymous_6)","decl":{"start":{"line":65,"column":27},"end":{"line":65,"column":28}},"loc":{"start":{"line":66,"column":18},"end":{"line":70,"column":20}},"line":66},"7":{"name":"(anonymous_7)","decl":{"start":{"line":108,"column":21},"end":{"line":108,"column":22}},"loc":{"start":{"line":108,"column":27},"end":{"line":108,"column":52}},"line":108},"8":{"name":"(anonymous_8)","decl":{"start":{"line":136,"column":19},"end":{"line":136,"column":20}},"loc":{"start":{"line":136,"column":25},"end":{"line":136,"column":50}},"line":136}},"branchMap":{"0":{"loc":{"start":{"line":40,"column":25},"end":{"line":40,"column":76}},"type":"cond-expr","locations":[{"start":{"line":40,"column":39},"end":{"line":40,"column":54}},{"start":{"line":40,"column":57},"end":{"line":40,"column":76}}],"line":40},"1":{"loc":{"start":{"line":67,"column":20},"end":{"line":69,"column":74}},"type":"cond-expr","locations":[{"start":{"line":68,"column":24},"end":{"line":68,"column":48}},{"start":{"line":69,"column":24},"end":{"line":69,"column":74}}],"line":67},"2":{"loc":{"start":{"line":88,"column":63},"end":{"line":88,"column":87}},"type":"binary-expr","locations":[{"start":{"line":88,"column":63},"end":{"line":88,"column":77}},{"start":{"line":88,"column":81},"end":{"line":88,"column":87}}],"line":88},"3":{"loc":{"start":{"line":133,"column":7},"end":{"line":138,"column":7}},"type":"binary-expr","locations":[{"start":{"line":133,"column":7},"end":{"line":133,"column":18}},{"start":{"line":134,"column":8},"end":{"line":137,"column":10}}],"line":133}},"s":{"0":0,"1":0,"2":0,"3":0,"4":0,"5":0,"6":0,"7":0,"8":0,"9":0,"10":0,"11":0,"12":0,"13":0,"14":0},"f":{"0":0,"1":0,"2":0,"3":0,"4":0,"5":0,"6":0,"7":0,"8":0},"b":{"0":[0,0],"1":[0,0],"2":[0,0],"3":[0,0]}}
,"/home/admin-ts/techlabs-automation/frontend/src/components/Select.tsx": {"path":"/home/admin-ts/techlabs-automation/frontend/src/components/Select.tsx","statementMap":{"0":{"start":{"line":27,"column":38},"end":{"line":207,"column":1}},"1":{"start":{"line":35,"column":30},"end":{"line":35,"column":45}},"2":{"start":{"line":36,"column":34},"end":{"line":42,"column":4}},"3":{"start":{"line":44,"column":21},"end":{"line":44,"column":52}},"4":{"start":{"line":45,"column":22},"end":{"line":45,"column":50}},"5":{"start":{"line":47,"column":28},"end":{"line":95,"column":8}},"6":{"start":{"line":48,"column":4},"end":{"line":48,"column":36}},"7":{"start":{"line":48,"column":29},"end":{"line":48,"column":36}},"8":{"start":{"line":50,"column":24},"end":{"line":50,"column":66}},"9":{"start":{"line":51,"column":21},"end":{"line":56,"column":5}},"10":{"start":{"line":58,"column":14},"end":{"line":58,"column":55}},"11":{"start":{"line":59,"column":15},"end":{"line":59,"column":50}},"12":{"start":{"line":60,"column":20},"end":{"line":60,"column":23}},"13":{"start":{"line":61,"column":26},"end":{"line":61,"column":36}},"14":{"start":{"line":64,"column":4},"end":{"line":76,"column":5}},"15":{"start":{"line":66,"column":6},"end":{"line":66,"column":51}},"16":{"start":{"line":67,"column":6},"end":{"line":67,"column":54}},"17":{"start":{"line":68,"column":6},"end":{"line":68,"column":38}},"18":{"start":{"line":71,"column":6},"end":{"line":75,"column":7}},"19":{"start":{"line":72,"column":8},"end":{"line":72,"column":36}},"20":{"start":{"line":73,"column":8},"end":{"line":73,"column":41}},"21":{"start":{"line":74,"column":8},"end":{"line":74,"column":37}},"22":{"start":{"line":79,"column":4},"end":{"line":81,"column":5}},"23":{"start":{"line":80,"column":6},"end":{"line":80,"column":72}},"24":{"start":{"line":84,"column":4},"end":{"line":86,"column":5}},"25":{"start":{"line":85,"column":6},"end":{"line":85,"column":35}},"26":{"start":{"line":88,"column":4},"end":{"line":94,"column":7}},"27":{"start":{"line":97,"column":2},"end":{"line":112,"column":34}},"28":{"start":{"line":98,"column":4},"end":{"line":98,"column":24}},"29":{"start":{"line":98,"column":17},"end":{"line":98,"column":24}},"30":{"start":{"line":100,"column":4},"end":{"line":100,"column":24}},"31":{"start":{"line":102,"column":25},"end":{"line":102,"column":50}},"32":{"start":{"line":102,"column":31},"end":{"line":102,"column":50}},"33":{"start":{"line":103,"column":25},"end":{"line":103,"column":50}},"34":{"start":{"line":103,"column":31},"end":{"line":103,"column":50}},"35":{"start":{"line":105,"column":4},"end":{"line":105,"column":52}},"36":{"start":{"line":106,"column":4},"end":{"line":106,"column":58}},"37":{"start":{"line":108,"column":4},"end":{"line":111,"column":6}},"38":{"start":{"line":109,"column":6},"end":{"line":109,"column":57}},"39":{"start":{"line":110,"column":6},"end":{"line":110,"column":63}},"40":{"start":{"line":114,"column":2},"end":{"line":142,"column":15}},"41":{"start":{"line":115,"column":4},"end":{"line":115,"column":24}},"42":{"start":{"line":115,"column":17},"end":{"line":115,"column":24}},"43":{"start":{"line":117,"column":31},"end":{"line":126,"column":5}},"44":{"start":{"line":118,"column":6},"end":{"line":125,"column":7}},"45":{"start":{"line":124,"column":8},"end":{"line":124,"column":25}},"46":{"start":{"line":128,"column":25},"end":{"line":133,"column":5}},"47":{"start":{"line":129,"column":6},"end":{"line":132,"column":7}},"48":{"start":{"line":130,"column":8},"end":{"line":130,"column":25}},"49":{"start":{"line":131,"column":8},"end":{"line":131,"column":36}},"50":{"start":{"line":135,"column":4},"end":{"line":135,"column":63}},"51":{"start":{"line":136,"column":4},"end":{"line":136,"column":55}},"52":{"start":{"line":138,"column":4},"end":{"line":141,"column":6}},"53":{"start":{"line":139,"column":6},"end":{"line":139,"column":68}},"54":{"start":{"line":140,"column":6},"end":{"line":140,"column":60}},"55":{"start":{"line":144,"column":25},"end":{"line":144,"column":71}},"56":{"start":{"line":144,"column":48},"end":{"line":144,"column":70}},"57":{"start":{"line":146,"column":28},"end":{"line":150,"column":3}},"58":{"start":{"line":147,"column":4},"end":{"line":147,"column":26}},"59":{"start":{"line":148,"column":4},"end":{"line":148,"column":21}},"60":{"start":{"line":149,"column":4},"end":{"line":149,"column":32}},"61":{"start":{"line":152,"column":19},"end":{"line":179,"column":10}},"62":{"start":{"line":166,"column":10},"end":{"line":175,"column":19}},"63":{"start":{"line":169,"column":27},"end":{"line":169,"column":58}},"64":{"start":{"line":181,"column":2},"end":{"line":206,"column":4}},"65":{"start":{"line":186,"column":23},"end":{"line":186,"column":54}}},"fnMap":{"0":{"name":"(anonymous_0)","decl":{"start":{"line":27,"column":38},"end":{"line":27,"column":39}},"loc":{"start":{"line":34,"column":6},"end":{"line":207,"column":1}},"line":34},"1":{"name":"(anonymous_1)","decl":{"start":{"line":47,"column":40},"end":{"line":47,"column":41}},"loc":{"start":{"line":47,"column":46},"end":{"line":95,"column":3}},"line":47},"2":{"name":"(anonymous_2)","decl":{"start":{"line":97,"column":12},"end":{"line":97,"column":13}},"loc":{"start":{"line":97,"column":18},"end":{"line":112,"column":3}},"line":97},"3":{"name":"(anonymous_3)","decl":{"start":{"line":102,"column":25},"end":{"line":102,"column":26}},"loc":{"start":{"line":102,"column":31},"end":{"line":102,"column":50}},"line":102},"4":{"name":"(anonymous_4)","decl":{"start":{"line":103,"column":25},"end":{"line":103,"column":26}},"loc":{"start":{"line":103,"column":31},"end":{"line":103,"column":50}},"line":103},"5":{"name":"(anonymous_5)","decl":{"start":{"line":108,"column":11},"end":{"line":108,"column":12}},"loc":{"start":{"line":108,"column":17},"end":{"line":111,"column":5}},"line":108},"6":{"name":"(anonymous_6)","decl":{"start":{"line":114,"column":12},"end":{"line":114,"column":13}},"loc":{"start":{"line":114,"column":18},"end":{"line":142,"column":3}},"line":114},"7":{"name":"(anonymous_7)","decl":{"start":{"line":117,"column":31},"end":{"line":117,"column":32}},"loc":{"start":{"line":117,"column":54},"end":{"line":126,"column":5}},"line":117},"8":{"name":"(anonymous_8)","decl":{"start":{"line":128,"column":25},"end":{"line":128,"column":26}},"loc":{"start":{"line":128,"column":51},"end":{"line":133,"column":5}},"line":128},"9":{"name":"(anonymous_9)","decl":{"start":{"line":138,"column":11},"end":{"line":138,"column":12}},"loc":{"start":{"line":138,"column":17},"end":{"line":141,"column":5}},"line":138},"10":{"name":"(anonymous_10)","decl":{"start":{"line":144,"column":38},"end":{"line":144,"column":39}},"loc":{"start":{"line":144,"column":48},"end":{"line":144,"column":70}},"line":144},"11":{"name":"(anonymous_11)","decl":{"start":{"line":146,"column":28},"end":{"line":146,"column":29}},"loc":{"start":{"line":146,"column":53},"end":{"line":150,"column":3}},"line":146},"12":{"name":"(anonymous_12)","decl":{"start":{"line":165,"column":21},"end":{"line":165,"column":22}},"loc":{"start":{"line":166,"column":10},"end":{"line":175,"column":19}},"line":166},"13":{"name":"(anonymous_13)","decl":{"start":{"line":169,"column":21},"end":{"line":169,"column":22}},"loc":{"start":{"line":169,"column":27},"end":{"line":169,"column":58}},"line":169},"14":{"name":"(anonymous_14)","decl":{"start":{"line":186,"column":17},"end":{"line":186,"column":18}},"loc":{"start":{"line":186,"column":23},"end":{"line":186,"column":54}},"line":186}},"branchMap":{"0":{"loc":{"start":{"line":31,"column":2},"end":{"line":31,"column":27}},"type":"default-arg","locations":[{"start":{"line":31,"column":16},"end":{"line":31,"column":27}}],"line":31},"1":{"loc":{"start":{"line":32,"column":2},"end":{"line":32,"column":16}},"type":"default-arg","locations":[{"start":{"line":32,"column":14},"end":{"line":32,"column":16}}],"line":32},"2":{"loc":{"start":{"line":33,"column":2},"end":{"line":33,"column":18}},"type":"default-arg","locations":[{"start":{"line":33,"column":13},"end":{"line":33,"column":18}}],"line":33},"3":{"loc":{"start":{"line":48,"column":4},"end":{"line":48,"column":36}},"type":"if","locations":[{"start":{"line":48,"column":4},"end":{"line":48,"column":36}},{"start":{},"end":{}}],"line":48},"4":{"loc":{"start":{"line":64,"column":4},"end":{"line":76,"column":5}},"type":"if","locations":[{"start":{"line":64,"column":4},"end":{"line":76,"column":5}},{"start":{},"end":{}}],"line":64},"5":{"loc":{"start":{"line":71,"column":6},"end":{"line":75,"column":7}},"type":"if","locations":[{"start":{"line":71,"column":6},"end":{"line":75,"column":7}},{"start":{},"end":{}}],"line":71},"6":{"loc":{"start":{"line":79,"column":4},"end":{"line":81,"column":5}},"type":"if","locations":[{"start":{"line":79,"column":4},"end":{"line":81,"column":5}},{"start":{},"end":{}}],"line":79},"7":{"loc":{"start":{"line":84,"column":4},"end":{"line":86,"column":5}},"type":"if","locations":[{"start":{"line":84,"column":4},"end":{"line":86,"column":5}},{"start":{},"end":{}}],"line":84},"8":{"loc":{"start":{"line":98,"column":4},"end":{"line":98,"column":24}},"type":"if","locations":[{"start":{"line":98,"column":4},"end":{"line":98,"column":24}},{"start":{},"end":{}}],"line":98},"9":{"loc":{"start":{"line":115,"column":4},"end":{"line":115,"column":24}},"type":"if","locations":[{"start":{"line":115,"column":4},"end":{"line":115,"column":24}},{"start":{},"end":{}}],"line":115},"10":{"loc":{"start":{"line":118,"column":6},"end":{"line":125,"column":7}},"type":"if","locations":[{"start":{"line":118,"column":6},"end":{"line":125,"column":7}},{"start":{},"end":{}}],"line":118},"11":{"loc":{"start":{"line":119,"column":8},"end":{"line":122,"column":59}},"type":"binary-expr","locations":[{"start":{"line":119,"column":8},"end":{"line":119,"column":26}},{"start":{"line":120,"column":8},"end":{"line":120,"column":27}},{"start":{"line":121,"column":8},"end":{"line":121,"column":58}},{"start":{"line":122,"column":8},"end":{"line":122,"column":59}}],"line":119},"12":{"loc":{"start":{"line":129,"column":6},"end":{"line":132,"column":7}},"type":"if","locations":[{"start":{"line":129,"column":6},"end":{"line":132,"column":7}},{"start":{},"end":{}}],"line":129},"13":{"loc":{"start":{"line":152,"column":19},"end":{"line":179,"column":10}},"type":"cond-expr","locations":[{"start":{"line":153,"column":4},"end":{"line":178,"column":10}},{"start":{"line":179,"column":6},"end":{"line":179,"column":10}}],"line":152},"14":{"loc":{"start":{"line":171,"column":14},"end":{"line":171,"column":89}},"type":"cond-expr","locations":[{"start":{"line":171,"column":39},"end":{"line":171,"column":71}},{"start":{"line":171,"column":74},"end":{"line":171,"column":89}}],"line":171},"15":{"loc":{"start":{"line":186,"column":23},"end":{"line":186,"column":54}},"type":"binary-expr","locations":[{"start":{"line":186,"column":23},"end":{"line":186,"column":32}},{"start":{"line":186,"column":36},"end":{"line":186,"column":54}}],"line":186},"16":{"loc":{"start":{"line":189,"column":10},"end":{"line":189,"column":85}},"type":"cond-expr","locations":[{"start":{"line":189,"column":21},"end":{"line":189,"column":66}},{"start":{"line":189,"column":69},"end":{"line":189,"column":85}}],"line":189},"17":{"loc":{"start":{"line":193,"column":11},"end":{"line":193,"column":62}},"type":"cond-expr","locations":[{"start":{"line":193,"column":28},"end":{"line":193,"column":48}},{"start":{"line":193,"column":51},"end":{"line":193,"column":62}}],"line":193},"18":{"loc":{"start":{"line":198,"column":14},"end":{"line":198,"column":40}},"type":"cond-expr","locations":[{"start":{"line":198,"column":23},"end":{"line":198,"column":35}},{"start":{"line":198,"column":38},"end":{"line":198,"column":40}}],"line":198},"19":{"loc":{"start":{"line":204,"column":7},"end":{"line":204,"column":56}},"type":"binary-expr","locations":[{"start":{"line":204,"column":7},"end":{"line":204,"column":15}},{"start":{"line":204,"column":19},"end":{"line":204,"column":56}}],"line":204}},"s":{"0":0,"1":0,"2":0,"3":0,"4":0,"5":0,"6":0,"7":0,"8":0,"9":0,"10":0,"11":0,"12":0,"13":0,"14":0,"15":0,"16":0,"17":0,"18":0,"19":0,"20":0,"21":0,"22":0,"23":0,"24":0,"25":0,"26":0,"27":0,"28":0,"29":0,"30":0,"31":0,"32":0,"33":0,"34":0,"35":0,"36":0,"37":0,"38":0,"39":0,"40":0,"41":0,"42":0,"43":0,"44":0,"45":0,"46":0,"47":0,"48":0,"49":0,"50":0,"51":0,"52":0,"53":0,"54":0,"55":0,"56":0,"57":0,"58":0,"59":0,"60":0,"61":0,"62":0,"63":0,"64":0,"65":0},"f":{"0":0,"1":0,"2":0,"3":0,"4":0,"5":0,"6":0,"7":0,"8":0,"9":0,"10":0,"11":0,"12":0,"13":0,"14":0},"b":{"0":[0],"1":[0],"2":[0],"3":[0,0],"4":[0,0],"5":[0,0],"6":[0,0],"7":[0,0],"8":[0,0],"9":[0,0],"10":[0,0],"11":[0,0,0,0],"12":[0,0],"13":[0,0],"14":[0,0],"15":[0,0],"16":[0,0],"17":[0,0],"18":[0,0],"19":[0,0]}}
,"/home/admin-ts/techlabs-automation/frontend/src/hooks/useWebSocket.ts": {"path":"/home/admin-ts/techlabs-automation/frontend/src/hooks/useWebSocket.ts","statementMap":{"0":{"start":{"line":26,"column":28},"end":{"line":197,"column":1}},"1":{"start":{"line":33,"column":40},"end":{"line":33,"column":55}},"2":{"start":{"line":34,"column":48},"end":{"line":34,"column":77}},"3":{"start":{"line":35,"column":16},"end":{"line":35,"column":46}},"4":{"start":{"line":36,"column":30},"end":{"line":36,"column":65}},"5":{"start":{"line":37,"column":26},"end":{"line":37,"column":61}},"6":{"start":{"line":38,"column":31},"end":{"line":38,"column":40}},"7":{"start":{"line":40,"column":22},"end":{"line":40,"column":38}},"8":{"start":{"line":42,"column":18},"end":{"line":151,"column":97}},"9":{"start":{"line":43,"column":4},"end":{"line":45,"column":5}},"10":{"start":{"line":44,"column":6},"end":{"line":44,"column":13}},"11":{"start":{"line":47,"column":18},"end":{"line":47,"column":47}},"12":{"start":{"line":48,"column":23},"end":{"line":48,"column":75}},"13":{"start":{"line":49,"column":19},"end":{"line":49,"column":39}},"14":{"start":{"line":50,"column":18},"end":{"line":50,"column":95}},"15":{"start":{"line":52,"column":4},"end":{"line":52,"column":51}},"16":{"start":{"line":54,"column":4},"end":{"line":150,"column":5}},"17":{"start":{"line":55,"column":17},"end":{"line":55,"column":37}},"18":{"start":{"line":56,"column":6},"end":{"line":56,"column":25}},"19":{"start":{"line":58,"column":6},"end":{"line":70,"column":8}},"20":{"start":{"line":59,"column":8},"end":{"line":59,"column":43}},"21":{"start":{"line":60,"column":8},"end":{"line":60,"column":29}},"22":{"start":{"line":61,"column":8},"end":{"line":61,"column":33}},"23":{"start":{"line":62,"column":8},"end":{"line":62,"column":41}},"24":{"start":{"line":65,"column":8},"end":{"line":69,"column":18}},"25":{"start":{"line":66,"column":10},"end":{"line":68,"column":11}},"26":{"start":{"line":67,"column":12},"end":{"line":67,"column":54}},"27":{"start":{"line":72,"column":6},"end":{"line":115,"column":8}},"28":{"start":{"line":73,"column":8},"end":{"line":114,"column":9}},"29":{"start":{"line":74,"column":44},"end":{"line":74,"column":66}},"30":{"start":{"line":77,"column":10},"end":{"line":108,"column":11}},"31":{"start":{"line":79,"column":14},"end":{"line":79,"column":60}},"32":{"start":{"line":80,"column":14},"end":{"line":80,"column":20}},"33":{"start":{"line":83,"column":14},"end":{"line":90,"column":15}},"34":{"start":{"line":85,"column":16},"end":{"line":85,"column":73}},"35":{"start":{"line":86,"column":16},"end":{"line":86,"column":72}},"36":{"start":{"line":89,"column":16},"end":{"line":89,"column":106}},"37":{"start":{"line":91,"column":14},"end":{"line":91,"column":20}},"38":{"start":{"line":94,"column":14},"end":{"line":96,"column":15}},"39":{"start":{"line":95,"column":16},"end":{"line":95,"column":74}},"40":{"start":{"line":97,"column":14},"end":{"line":97,"column":20}},"41":{"start":{"line":100,"column":14},"end":{"line":102,"column":15}},"42":{"start":{"line":101,"column":16},"end":{"line":101,"column":100}},"43":{"start":{"line":103,"column":14},"end":{"line":103,"column":20}},"44":{"start":{"line":107,"column":14},"end":{"line":107,"column":20}},"45":{"start":{"line":111,"column":10},"end":{"line":111,"column":31}},"46":{"start":{"line":113,"column":10},"end":{"line":113,"column":67}},"47":{"start":{"line":117,"column":6},"end":{"line":120,"column":8}},"48":{"start":{"line":118,"column":8},"end":{"line":118,"column":49}},"49":{"start":{"line":119,"column":8},"end":{"line":119,"column":57}},"50":{"start":{"line":122,"column":6},"end":{"line":146,"column":8}},"51":{"start":{"line":123,"column":8},"end":{"line":123,"column":73}},"52":{"start":{"line":124,"column":8},"end":{"line":124,"column":30}},"53":{"start":{"line":125,"column":8},"end":{"line":125,"column":29}},"54":{"start":{"line":128,"column":8},"end":{"line":131,"column":9}},"55":{"start":{"line":129,"column":10},"end":{"line":129,"column":49}},"56":{"start":{"line":130,"column":10},"end":{"line":130,"column":41}},"57":{"start":{"line":134,"column":8},"end":{"line":145,"column":9}},"58":{"start":{"line":135,"column":24},"end":{"line":135,"column":89}},"59":{"start":{"line":136,"column":10},"end":{"line":136,"column":41}},"60":{"start":{"line":138,"column":10},"end":{"line":138,"column":94}},"61":{"start":{"line":140,"column":10},"end":{"line":142,"column":20}},"62":{"start":{"line":141,"column":12},"end":{"line":141,"column":22}},"63":{"start":{"line":144,"column":10},"end":{"line":144,"column":74}},"64":{"start":{"line":148,"column":6},"end":{"line":148,"column":56}},"65":{"start":{"line":149,"column":6},"end":{"line":149,"column":66}},"66":{"start":{"line":153,"column":21},"end":{"line":172,"column":8}},"67":{"start":{"line":154,"column":4},"end":{"line":157,"column":5}},"68":{"start":{"line":155,"column":6},"end":{"line":155,"column":48}},"69":{"start":{"line":156,"column":6},"end":{"line":156,"column":41}},"70":{"start":{"line":159,"column":4},"end":{"line":162,"column":5}},"71":{"start":{"line":160,"column":6},"end":{"line":160,"column":45}},"72":{"start":{"line":161,"column":6},"end":{"line":161,"column":37}},"73":{"start":{"line":164,"column":4},"end":{"line":167,"column":5}},"74":{"start":{"line":165,"column":6},"end":{"line":165,"column":28}},"75":{"start":{"line":166,"column":6},"end":{"line":166,"column":27}},"76":{"start":{"line":169,"column":4},"end":{"line":169,"column":26}},"77":{"start":{"line":170,"column":4},"end":{"line":170,"column":29}},"78":{"start":{"line":171,"column":4},"end":{"line":171,"column":37}},"79":{"start":{"line":174,"column":22},"end":{"line":180,"column":8}},"80":{"start":{"line":175,"column":4},"end":{"line":178,"column":5}},"81":{"start":{"line":176,"column":6},"end":{"line":176,"column":50}},"82":{"start":{"line":177,"column":6},"end":{"line":177,"column":18}},"83":{"start":{"line":179,"column":4},"end":{"line":179,"column":17}},"84":{"start":{"line":183,"column":2},"end":{"line":188,"column":28}},"85":{"start":{"line":184,"column":4},"end":{"line":184,"column":14}},"86":{"start":{"line":185,"column":4},"end":{"line":187,"column":6}},"87":{"start":{"line":186,"column":6},"end":{"line":186,"column":19}},"88":{"start":{"line":190,"column":2},"end":{"line":196,"column":4}}},"fnMap":{"0":{"name":"(anonymous_0)","decl":{"start":{"line":26,"column":28},"end":{"line":26,"column":29}},"loc":{"start":{"line":32,"column":27},"end":{"line":197,"column":1}},"line":32},"1":{"name":"(anonymous_1)","decl":{"start":{"line":42,"column":30},"end":{"line":42,"column":31}},"loc":{"start":{"line":42,"column":36},"end":{"line":151,"column":3}},"line":42},"2":{"name":"(anonymous_2)","decl":{"start":{"line":58,"column":18},"end":{"line":58,"column":19}},"loc":{"start":{"line":58,"column":24},"end":{"line":70,"column":7}},"line":58},"3":{"name":"(anonymous_3)","decl":{"start":{"line":65,"column":46},"end":{"line":65,"column":47}},"loc":{"start":{"line":65,"column":52},"end":{"line":69,"column":9}},"line":65},"4":{"name":"(anonymous_4)","decl":{"start":{"line":72,"column":21},"end":{"line":72,"column":22}},"loc":{"start":{"line":72,"column":32},"end":{"line":115,"column":7}},"line":72},"5":{"name":"(anonymous_5)","decl":{"start":{"line":117,"column":19},"end":{"line":117,"column":20}},"loc":{"start":{"line":117,"column":30},"end":{"line":120,"column":7}},"line":117},"6":{"name":"(anonymous_6)","decl":{"start":{"line":122,"column":19},"end":{"line":122,"column":20}},"loc":{"start":{"line":122,"column":30},"end":{"line":146,"column":7}},"line":122},"7":{"name":"(anonymous_7)","decl":{"start":{"line":140,"column":51},"end":{"line":140,"column":52}},"loc":{"start":{"line":140,"column":57},"end":{"line":142,"column":11}},"line":140},"8":{"name":"(anonymous_8)","decl":{"start":{"line":153,"column":33},"end":{"line":153,"column":34}},"loc":{"start":{"line":153,"column":39},"end":{"line":172,"column":3}},"line":153},"9":{"name":"(anonymous_9)","decl":{"start":{"line":174,"column":34},"end":{"line":174,"column":35}},"loc":{"start":{"line":174,"column":52},"end":{"line":180,"column":3}},"line":174},"10":{"name":"(anonymous_10)","decl":{"start":{"line":183,"column":12},"end":{"line":183,"column":13}},"loc":{"start":{"line":183,"column":18},"end":{"line":188,"column":3}},"line":183},"11":{"name":"(anonymous_11)","decl":{"start":{"line":185,"column":11},"end":{"line":185,"column":12}},"loc":{"start":{"line":185,"column":17},"end":{"line":187,"column":5}},"line":185}},"branchMap":{"0":{"loc":{"start":{"line":43,"column":4},"end":{"line":45,"column":5}},"type":"if","locations":[{"start":{"line":43,"column":4},"end":{"line":45,"column":5}},{"start":{},"end":{}}],"line":43},"1":{"loc":{"start":{"line":48,"column":23},"end":{"line":48,"column":75}},"type":"cond-expr","locations":[{"start":{"line":48,"column":63},"end":{"line":48,"column":68}},{"start":{"line":48,"column":71},"end":{"line":48,"column":75}}],"line":48},"2":{"loc":{"start":{"line":50,"column":63},"end":{"line":50,"column":93}},"type":"cond-expr","locations":[{"start":{"line":50,"column":71},"end":{"line":50,"column":88}},{"start":{"line":50,"column":91},"end":{"line":50,"column":93}}],"line":50},"3":{"loc":{"start":{"line":66,"column":10},"end":{"line":68,"column":11}},"type":"if","locations":[{"start":{"line":66,"column":10},"end":{"line":68,"column":11}},{"start":{},"end":{}}],"line":66},"4":{"loc":{"start":{"line":77,"column":10},"end":{"line":108,"column":11}},"type":"switch","locations":[{"start":{"line":78,"column":12},"end":{"line":80,"column":20}},{"start":{"line":82,"column":12},"end":{"line":91,"column":20}},{"start":{"line":93,"column":12},"end":{"line":97,"column":20}},{"start":{"line":99,"column":12},"end":{"line":103,"column":20}},{"start":{"line":105,"column":12},"end":{"line":107,"column":20}}],"line":77},"5":{"loc":{"start":{"line":83,"column":14},"end":{"line":90,"column":15}},"type":"if","locations":[{"start":{"line":83,"column":14},"end":{"line":90,"column":15}},{"start":{},"end":{}}],"line":83},"6":{"loc":{"start":{"line":83,"column":18},"end":{"line":83,"column":76}},"type":"binary-expr","locations":[{"start":{"line":83,"column":18},"end":{"line":83,"column":37}},{"start":{"line":83,"column":41},"end":{"line":83,"column":58}},{"start":{"line":83,"column":62},"end":{"line":83,"column":76}}],"line":83},"7":{"loc":{"start":{"line":94,"column":14},"end":{"line":96,"column":15}},"type":"if","locations":[{"start":{"line":94,"column":14},"end":{"line":96,"column":15}},{"start":{},"end":{}}],"line":94},"8":{"loc":{"start":{"line":94,"column":18},"end":{"line":94,"column":58}},"type":"binary-expr","locations":[{"start":{"line":94,"column":18},"end":{"line":94,"column":37}},{"start":{"line":94,"column":41},"end":{"line":94,"column":58}}],"line":94},"9":{"loc":{"start":{"line":100,"column":14},"end":{"line":102,"column":15}},"type":"if","locations":[{"start":{"line":100,"column":14},"end":{"line":102,"column":15}},{"start":{},"end":{}}],"line":100},"10":{"loc":{"start":{"line":100,"column":18},"end":{"line":100,"column":95}},"type":"binary-expr","locations":[{"start":{"line":100,"column":18},"end":{"line":100,"column":37}},{"start":{"line":100,"column":41},"end":{"line":100,"column":71}},{"start":{"line":100,"column":75},"end":{"line":100,"column":95}}],"line":100},"11":{"loc":{"start":{"line":128,"column":8},"end":{"line":131,"column":9}},"type":"if","locations":[{"start":{"line":128,"column":8},"end":{"line":131,"column":9}},{"start":{},"end":{}}],"line":128},"12":{"loc":{"start":{"line":134,"column":8},"end":{"line":145,"column":9}},"type":"if","locations":[{"start":{"line":134,"column":8},"end":{"line":145,"column":9}},{"start":{"line":143,"column":15},"end":{"line":145,"column":9}}],"line":134},"13":{"loc":{"start":{"line":154,"column":4},"end":{"line":157,"column":5}},"type":"if","locations":[{"start":{"line":154,"column":4},"end":{"line":157,"column":5}},{"start":{},"end":{}}],"line":154},"14":{"loc":{"start":{"line":159,"column":4},"end":{"line":162,"column":5}},"type":"if","locations":[{"start":{"line":159,"column":4},"end":{"line":162,"column":5}},{"start":{},"end":{}}],"line":159},"15":{"loc":{"start":{"line":164,"column":4},"end":{"line":167,"column":5}},"type":"if","locations":[{"start":{"line":164,"column":4},"end":{"line":167,"column":5}},{"start":{},"end":{}}],"line":164},"16":{"loc":{"start":{"line":175,"column":4},"end":{"line":178,"column":5}},"type":"if","locations":[{"start":{"line":175,"column":4},"end":{"line":178,"column":5}},{"start":{},"end":{}}],"line":175}},"s":{"0":0,"1":0,"2":0,"3":0,"4":0,"5":0,"6":0,"7":0,"8":0,"9":0,"10":0,"11":0,"12":0,"13":0,"14":0,"15":0,"16":0,"17":0,"18":0,"19":0,"20":0,"21":0,"22":0,"23":0,"24":0,"25":0,"26":0,"27":0,"28":0,"29":0,"30":0,"31":0,"32":0,"33":0,"34":0,"35":0,"36":0,"37":0,"38":0,"39":0,"40":0,"41":0,"42":0,"43":0,"44":0,"45":0,"46":0,"47":0,"48":0,"49":0,"50":0,"51":0,"52":0,"53":0,"54":0,"55":0,"56":0,"57":0,"58":0,"59":0,"60":0,"61":0,"62":0,"63":0,"64":0,"65":0,"66":0,"67":0,"68":0,"69":0,"70":0,"71":0,"72":0,"73":0,"74":0,"75":0,"76":0,"77":0,"78":0,"79":0,"80":0,"81":0,"82":0,"83":0,"84":0,"85":0,"86":0,"87":0,"88":0},"f":{"0":0,"1":0,"2":0,"3":0,"4":0,"5":0,"6":0,"7":0,"8":0,"9":0,"10":0,"11":0},"b":{"0":[0,0],"1":[0,0],"2":[0,0],"3":[0,0],"4":[0,0,0,0,0],"5":[0,0],"6":[0,0,0],"7":[0,0],"8":[0,0],"9":[0,0],"10":[0,0,0],"11":[0,0],"12":[0,0],"13":[0,0],"14":[0,0],"15":[0,0],"16":[0,0]}}
,"/home/admin-ts/techlabs-automation/frontend/src/pages/AttendeeView.tsx": {"path":"/home/admin-ts/techlabs-automation/frontend/src/pages/AttendeeView.tsx","statementMap":{"0":{"start":{"line":23,"column":31},"end":{"line":439,"column":1}},"1":{"start":{"line":24,"column":17},"end":{"line":24,"column":44}},"2":{"start":{"line":26,"column":48},"end":{"line":26,"column":63}},"3":{"start":{"line":27,"column":40},"end":{"line":27,"column":69}},"4":{"start":{"line":30,"column":79},"end":{"line":37,"column":3}},"5":{"start":{"line":32,"column":10},"end":{"line":32,"column":38}},"6":{"start":{"line":40,"column":63},"end":{"line":47,"column":3}},"7":{"start":{"line":42,"column":10},"end":{"line":42,"column":49}},"8":{"start":{"line":50,"column":64},"end":{"line":57,"column":3}},"9":{"start":{"line":52,"column":10},"end":{"line":52,"column":54}},"10":{"start":{"line":59,"column":26},"end":{"line":67,"column":3}},"11":{"start":{"line":60,"column":4},"end":{"line":66,"column":5}},"12":{"start":{"line":61,"column":6},"end":{"line":61,"column":48}},"13":{"start":{"line":62,"column":6},"end":{"line":62,"column":28}},"14":{"start":{"line":63,"column":6},"end":{"line":63,"column":51}},"15":{"start":{"line":63,"column":23},"end":{"line":63,"column":43}},"16":{"start":{"line":65,"column":6},"end":{"line":65,"column":50}},"17":{"start":{"line":69,"column":24},"end":{"line":82,"column":3}},"18":{"start":{"line":70,"column":4},"end":{"line":81,"column":5}},"19":{"start":{"line":72,"column":8},"end":{"line":72,"column":72}},"20":{"start":{"line":74,"column":8},"end":{"line":74,"column":79}},"21":{"start":{"line":76,"column":8},"end":{"line":76,"column":77}},"22":{"start":{"line":78,"column":8},"end":{"line":78,"column":78}},"23":{"start":{"line":80,"column":8},"end":{"line":80,"column":63}},"24":{"start":{"line":84,"column":25},"end":{"line":97,"column":3}},"25":{"start":{"line":85,"column":4},"end":{"line":96,"column":5}},"26":{"start":{"line":87,"column":8},"end":{"line":87,"column":31}},"27":{"start":{"line":89,"column":8},"end":{"line":89,"column":34}},"28":{"start":{"line":91,"column":8},"end":{"line":91,"column":31}},"29":{"start":{"line":93,"column":8},"end":{"line":93,"column":33}},"30":{"start":{"line":95,"column":8},"end":{"line":95,"column":33}},"31":{"start":{"line":99,"column":2},"end":{"line":111,"column":3}},"32":{"start":{"line":100,"column":4},"end":{"line":110,"column":6}},"33":{"start":{"line":113,"column":2},"end":{"line":140,"column":3}},"34":{"start":{"line":114,"column":4},"end":{"line":139,"column":6}},"35":{"start":{"line":142,"column":2},"end":{"line":438,"column":4}},"36":{"start":{"line":169,"column":31},"end":{"line":169,"column":72}},"37":{"start":{"line":179,"column":31},"end":{"line":179,"column":73}},"38":{"start":{"line":188,"column":29},"end":{"line":188,"column":59}},"39":{"start":{"line":248,"column":35},"end":{"line":248,"column":71}},"40":{"start":{"line":280,"column":41},"end":{"line":280,"column":90}},"41":{"start":{"line":299,"column":41},"end":{"line":299,"column":90}},"42":{"start":{"line":319,"column":43},"end":{"line":319,"column":97}},"43":{"start":{"line":340,"column":43},"end":{"line":340,"column":97}},"44":{"start":{"line":378,"column":18},"end":{"line":378,"column":74}},"45":{"start":{"line":388,"column":18},"end":{"line":430,"column":24}}},"fnMap":{"0":{"name":"(anonymous_0)","decl":{"start":{"line":23,"column":31},"end":{"line":23,"column":32}},"loc":{"start":{"line":23,"column":37},"end":{"line":439,"column":1}},"line":23},"1":{"name":"(anonymous_1)","decl":{"start":{"line":32,"column":4},"end":{"line":32,"column":5}},"loc":{"start":{"line":32,"column":10},"end":{"line":32,"column":38}},"line":32},"2":{"name":"(anonymous_2)","decl":{"start":{"line":42,"column":4},"end":{"line":42,"column":5}},"loc":{"start":{"line":42,"column":10},"end":{"line":42,"column":49}},"line":42},"3":{"name":"(anonymous_3)","decl":{"start":{"line":52,"column":4},"end":{"line":52,"column":5}},"loc":{"start":{"line":52,"column":10},"end":{"line":52,"column":54}},"line":52},"4":{"name":"(anonymous_4)","decl":{"start":{"line":59,"column":26},"end":{"line":59,"column":27}},"loc":{"start":{"line":59,"column":65},"end":{"line":67,"column":3}},"line":59},"5":{"name":"(anonymous_5)","decl":{"start":{"line":63,"column":17},"end":{"line":63,"column":18}},"loc":{"start":{"line":63,"column":23},"end":{"line":63,"column":43}},"line":63},"6":{"name":"(anonymous_6)","decl":{"start":{"line":69,"column":24},"end":{"line":69,"column":25}},"loc":{"start":{"line":69,"column":44},"end":{"line":82,"column":3}},"line":69},"7":{"name":"(anonymous_7)","decl":{"start":{"line":84,"column":25},"end":{"line":84,"column":26}},"loc":{"start":{"line":84,"column":45},"end":{"line":97,"column":3}},"line":84},"8":{"name":"(anonymous_8)","decl":{"start":{"line":169,"column":25},"end":{"line":169,"column":26}},"loc":{"start":{"line":169,"column":31},"end":{"line":169,"column":72}},"line":169},"9":{"name":"(anonymous_9)","decl":{"start":{"line":179,"column":25},"end":{"line":179,"column":26}},"loc":{"start":{"line":179,"column":31},"end":{"line":179,"column":73}},"line":179},"10":{"name":"(anonymous_10)","decl":{"start":{"line":188,"column":23},"end":{"line":188,"column":24}},"loc":{"start":{"line":188,"column":29},"end":{"line":188,"column":59}},"line":188},"11":{"name":"(anonymous_11)","decl":{"start":{"line":248,"column":29},"end":{"line":248,"column":30}},"loc":{"start":{"line":248,"column":35},"end":{"line":248,"column":71}},"line":248},"12":{"name":"(anonymous_12)","decl":{"start":{"line":280,"column":35},"end":{"line":280,"column":36}},"loc":{"start":{"line":280,"column":41},"end":{"line":280,"column":90}},"line":280},"13":{"name":"(anonymous_13)","decl":{"start":{"line":299,"column":35},"end":{"line":299,"column":36}},"loc":{"start":{"line":299,"column":41},"end":{"line":299,"column":90}},"line":299},"14":{"name":"(anonymous_14)","decl":{"start":{"line":319,"column":37},"end":{"line":319,"column":38}},"loc":{"start":{"line":319,"column":43},"end":{"line":319,"column":97}},"line":319},"15":{"name":"(anonymous_15)","decl":{"start":{"line":340,"column":37},"end":{"line":340,"column":38}},"loc":{"start":{"line":340,"column":43},"end":{"line":340,"column":97}},"line":340},"16":{"name":"(anonymous_16)","decl":{"start":{"line":377,"column":35},"end":{"line":377,"column":36}},"loc":{"start":{"line":378,"column":18},"end":{"line":378,"column":74}},"line":378},"17":{"name":"(anonymous_17)","decl":{"start":{"line":387,"column":36},"end":{"line":387,"column":37}},"loc":{"start":{"line":388,"column":18},"end":{"line":430,"column":24}},"line":388}},"branchMap":{"0":{"loc":{"start":{"line":44,"column":15},"end":{"line":44,"column":52}},"type":"binary-expr","locations":[{"start":{"line":44,"column":15},"end":{"line":44,"column":19}},{"start":{"line":44,"column":23},"end":{"line":44,"column":52}}],"line":44},"1":{"loc":{"start":{"line":50,"column":16},"end":{"line":50,"column":35}},"type":"default-arg","locations":[{"start":{"line":50,"column":33},"end":{"line":50,"column":35}}],"line":50},"2":{"loc":{"start":{"line":70,"column":4},"end":{"line":81,"column":5}},"type":"switch","locations":[{"start":{"line":71,"column":6},"end":{"line":72,"column":72}},{"start":{"line":73,"column":6},"end":{"line":74,"column":79}},{"start":{"line":75,"column":6},"end":{"line":76,"column":77}},{"start":{"line":77,"column":6},"end":{"line":78,"column":78}},{"start":{"line":79,"column":6},"end":{"line":80,"column":63}}],"line":70},"3":{"loc":{"start":{"line":85,"column":4},"end":{"line":96,"column":5}},"type":"switch","locations":[{"start":{"line":86,"column":6},"end":{"line":87,"column":31}},{"start":{"line":88,"column":6},"end":{"line":89,"column":34}},{"start":{"line":90,"column":6},"end":{"line":91,"column":31}},{"start":{"line":92,"column":6},"end":{"line":93,"column":33}},{"start":{"line":94,"column":6},"end":{"line":95,"column":33}}],"line":85},"4":{"loc":{"start":{"line":99,"column":2},"end":{"line":111,"column":3}},"type":"if","locations":[{"start":{"line":99,"column":2},"end":{"line":111,"column":3}},{"start":{},"end":{}}],"line":99},"5":{"loc":{"start":{"line":113,"column":2},"end":{"line":140,"column":3}},"type":"if","locations":[{"start":{"line":113,"column":2},"end":{"line":140,"column":3}},{"start":{},"end":{}}],"line":113},"6":{"loc":{"start":{"line":113,"column":6},"end":{"line":113,"column":32}},"type":"binary-expr","locations":[{"start":{"line":113,"column":6},"end":{"line":113,"column":19}},{"start":{"line":113,"column":23},"end":{"line":113,"column":32}}],"line":113},"7":{"loc":{"start":{"line":167,"column":13},"end":{"line":175,"column":13}},"type":"binary-expr","locations":[{"start":{"line":167,"column":14},"end":{"line":167,"column":44}},{"start":{"line":167,"column":48},"end":{"line":167,"column":76}},{"start":{"line":168,"column":14},"end":{"line":174,"column":23}}],"line":167},"8":{"loc":{"start":{"line":177,"column":13},"end":{"line":185,"column":13}},"type":"binary-expr","locations":[{"start":{"line":177,"column":13},"end":{"line":177,"column":41}},{"start":{"line":178,"column":14},"end":{"line":184,"column":23}}],"line":177},"9":{"loc":{"start":{"line":229,"column":15},"end":{"line":234,"column":15}},"type":"binary-expr","locations":[{"start":{"line":229,"column":15},"end":{"line":229,"column":38}},{"start":{"line":230,"column":16},"end":{"line":233,"column":22}}],"line":229},"10":{"loc":{"start":{"line":239,"column":11},"end":{"line":363,"column":11}},"type":"binary-expr","locations":[{"start":{"line":239,"column":11},"end":{"line":239,"column":39}},{"start":{"line":240,"column":12},"end":{"line":362,"column":18}}],"line":239},"11":{"loc":{"start":{"line":251,"column":21},"end":{"line":261,"column":21}},"type":"cond-expr","locations":[{"start":{"line":252,"column":22},"end":{"line":255,"column":25}},{"start":{"line":257,"column":22},"end":{"line":260,"column":25}}],"line":251},"12":{"loc":{"start":{"line":266,"column":17},"end":{"line":360,"column":17}},"type":"cond-expr","locations":[{"start":{"line":267,"column":18},"end":{"line":270,"column":24}},{"start":{"line":271,"column":20},"end":{"line":360,"column":17}}],"line":266},"13":{"loc":{"start":{"line":271,"column":20},"end":{"line":360,"column":17}},"type":"cond-expr","locations":[{"start":{"line":272,"column":18},"end":{"line":352,"column":24}},{"start":{"line":354,"column":18},"end":{"line":359,"column":22}}],"line":271},"14":{"loc":{"start":{"line":271,"column":20},"end":{"line":271,"column":50}},"type":"binary-expr","locations":[{"start":{"line":271,"column":20},"end":{"line":271,"column":31}},{"start":{"line":271,"column":35},"end":{"line":271,"column":50}}],"line":271},"15":{"loc":{"start":{"line":283,"column":27},"end":{"line":287,"column":27}},"type":"cond-expr","locations":[{"start":{"line":284,"column":28},"end":{"line":284,"column":84}},{"start":{"line":286,"column":28},"end":{"line":286,"column":73}}],"line":283},"16":{"loc":{"start":{"line":302,"column":27},"end":{"line":306,"column":27}},"type":"cond-expr","locations":[{"start":{"line":303,"column":28},"end":{"line":303,"column":84}},{"start":{"line":305,"column":28},"end":{"line":305,"column":73}}],"line":302},"17":{"loc":{"start":{"line":311,"column":21},"end":{"line":330,"column":21}},"type":"binary-expr","locations":[{"start":{"line":311,"column":21},"end":{"line":311,"column":43}},{"start":{"line":312,"column":22},"end":{"line":329,"column":28}}],"line":311},"18":{"loc":{"start":{"line":322,"column":29},"end":{"line":326,"column":29}},"type":"cond-expr","locations":[{"start":{"line":323,"column":30},"end":{"line":323,"column":86}},{"start":{"line":325,"column":30},"end":{"line":325,"column":75}}],"line":322},"19":{"loc":{"start":{"line":332,"column":21},"end":{"line":351,"column":21}},"type":"binary-expr","locations":[{"start":{"line":332,"column":21},"end":{"line":332,"column":43}},{"start":{"line":333,"column":22},"end":{"line":350,"column":28}}],"line":332},"20":{"loc":{"start":{"line":343,"column":29},"end":{"line":347,"column":29}},"type":"cond-expr","locations":[{"start":{"line":344,"column":30},"end":{"line":344,"column":86}},{"start":{"line":346,"column":30},"end":{"line":346,"column":75}}],"line":343},"21":{"loc":{"start":{"line":355,"column":21},"end":{"line":357,"column":83}},"type":"cond-expr","locations":[{"start":{"line":356,"column":24},"end":{"line":356,"column":58}},{"start":{"line":357,"column":24},"end":{"line":357,"column":83}}],"line":355},"22":{"loc":{"start":{"line":375,"column":13},"end":{"line":433,"column":13}},"type":"cond-expr","locations":[{"start":{"line":376,"column":14},"end":{"line":380,"column":20}},{"start":{"line":381,"column":16},"end":{"line":433,"column":13}}],"line":375},"23":{"loc":{"start":{"line":381,"column":16},"end":{"line":433,"column":13}},"type":"cond-expr","locations":[{"start":{"line":382,"column":14},"end":{"line":384,"column":18}},{"start":{"line":386,"column":14},"end":{"line":432,"column":20}}],"line":381},"24":{"loc":{"start":{"line":392,"column":26},"end":{"line":395,"column":53}},"type":"cond-expr","locations":[{"start":{"line":392,"column":55},"end":{"line":392,"column":88}},{"start":{"line":393,"column":26},"end":{"line":395,"column":53}}],"line":392},"25":{"loc":{"start":{"line":393,"column":26},"end":{"line":395,"column":53}},"type":"cond-expr","locations":[{"start":{"line":393,"column":52},"end":{"line":393,"column":83}},{"start":{"line":394,"column":26},"end":{"line":395,"column":53}}],"line":393},"26":{"loc":{"start":{"line":394,"column":26},"end":{"line":395,"column":53}},"type":"cond-expr","locations":[{"start":{"line":394,"column":53},"end":{"line":394,"column":86}},{"start":{"line":395,"column":26},"end":{"line":395,"column":53}}],"line":394},"27":{"loc":{"start":{"line":400,"column":26},"end":{"line":403,"column":53}},"type":"cond-expr","locations":[{"start":{"line":400,"column":55},"end":{"line":400,"column":88}},{"start":{"line":401,"column":26},"end":{"line":403,"column":53}}],"line":400},"28":{"loc":{"start":{"line":401,"column":26},"end":{"line":403,"column":53}},"type":"cond-expr","locations":[{"start":{"line":401,"column":52},"end":{"line":401,"column":83}},{"start":{"line":402,"column":26},"end":{"line":403,"column":53}}],"line":401},"29":{"loc":{"start":{"line":402,"column":26},"end":{"line":403,"column":53}},"type":"cond-expr","locations":[{"start":{"line":402,"column":53},"end":{"line":402,"column":86}},{"start":{"line":403,"column":26},"end":{"line":403,"column":53}}],"line":402},"30":{"loc":{"start":{"line":413,"column":21},"end":{"line":418,"column":21}},"type":"binary-expr","locations":[{"start":{"line":413,"column":21},"end":{"line":413,"column":38}},{"start":{"line":414,"column":22},"end":{"line":417,"column":28}}],"line":413},"31":{"loc":{"start":{"line":420,"column":21},"end":{"line":429,"column":21}},"type":"binary-expr","locations":[{"start":{"line":420,"column":21},"end":{"line":420,"column":41}},{"start":{"line":421,"column":22},"end":{"line":428,"column":32}}],"line":420}},"s":{"0":0,"1":0,"2":0,"3":0,"4":0,"5":0,"6":0,"7":0,"8":0,"9":0,"10":0,"11":0,"12":0,"13":0,"14":0,"15":0,"16":0,"17":0,"18":0,"19":0,"20":0,"21":0,"22":0,"23":0,"24":0,"25":0,"26":0,"27":0,"28":0,"29":0,"30":0,"31":0,"32":0,"33":0,"34":0,"35":0,"36":0,"37":0,"38":0,"39":0,"40":0,"41":0,"42":0,"43":0,"44":0,"45":0},"f":{"0":0,"1":0,"2":0,"3":0,"4":0,"5":0,"6":0,"7":0,"8":0,"9":0,"10":0,"11":0,"12":0,"13":0,"14":0,"15":0,"16":0,"17":0},"b":{"0":[0,0],"1":[0],"2":[0,0,0,0,0],"3":[0,0,0,0,0],"4":[0,0],"5":[0,0],"6":[0,0],"7":[0,0,0],"8":[0,0],"9":[0,0],"10":[0,0],"11":[0,0],"12":[0,0],"13":[0,0],"14":[0,0],"15":[0,0],"16":[0,0],"17":[0,0],"18":[0,0],"19":[0,0],"20":[0,0],"21":[0,0],"22":[0,0],"23":[0,0],"24":[0,0],"25":[0,0],"26":[0,0],"27":[0,0],"28":[0,0],"29":[0,0],"30":[0,0],"31":[0,0]}}
,"/home/admin-ts/techlabs-automation/frontend/src/pages/CreateWorkshop.tsx": {"path":"/home/admin-ts/techlabs-automation/frontend/src/pages/CreateWorkshop.tsx","statementMap":{"0":{"start":{"line":29,"column":33},"end":{"line":330,"column":1}},"1":{"start":{"line":30,"column":19},"end":{"line":30,"column":32}},"2":{"start":{"line":31,"column":22},"end":{"line":31,"column":38}},"3":{"start":{"line":33,"column":34},"end":{"line":38,"column":4}},"4":{"start":{"line":40,"column":30},"end":{"line":40,"column":54}},"5":{"start":{"line":42,"column":33},"end":{"line":56,"column":3}},"6":{"start":{"line":43,"column":37},"end":{"line":43,"column":69}},"7":{"start":{"line":46,"column":8},"end":{"line":46,"column":51}},"8":{"start":{"line":47,"column":8},"end":{"line":47,"column":46}},"9":{"start":{"line":50,"column":8},"end":{"line":50,"column":59}},"10":{"start":{"line":51,"column":8},"end":{"line":53,"column":11}},"11":{"start":{"line":58,"column":23},"end":{"line":108,"column":3}},"12":{"start":{"line":59,"column":34},"end":{"line":59,"column":36}},"13":{"start":{"line":61,"column":4},"end":{"line":67,"column":5}},"14":{"start":{"line":62,"column":6},"end":{"line":62,"column":51}},"15":{"start":{"line":63,"column":11},"end":{"line":67,"column":5}},"16":{"start":{"line":64,"column":6},"end":{"line":64,"column":69}},"17":{"start":{"line":65,"column":11},"end":{"line":67,"column":5}},"18":{"start":{"line":66,"column":6},"end":{"line":66,"column":72}},"19":{"start":{"line":69,"column":4},"end":{"line":71,"column":5}},"20":{"start":{"line":70,"column":6},"end":{"line":70,"column":77}},"21":{"start":{"line":73,"column":4},"end":{"line":75,"column":5}},"22":{"start":{"line":74,"column":6},"end":{"line":74,"column":54}},"23":{"start":{"line":77,"column":4},"end":{"line":79,"column":5}},"24":{"start":{"line":78,"column":6},"end":{"line":78,"column":50}},"25":{"start":{"line":81,"column":4},"end":{"line":104,"column":5}},"26":{"start":{"line":82,"column":24},"end":{"line":82,"column":53}},"27":{"start":{"line":83,"column":22},"end":{"line":83,"column":49}},"28":{"start":{"line":84,"column":18},"end":{"line":84,"column":28}},"29":{"start":{"line":86,"column":6},"end":{"line":88,"column":7}},"30":{"start":{"line":87,"column":8},"end":{"line":87,"column":66}},"31":{"start":{"line":90,"column":6},"end":{"line":92,"column":7}},"32":{"start":{"line":91,"column":8},"end":{"line":91,"column":65}},"33":{"start":{"line":94,"column":23},"end":{"line":94,"column":62}},"34":{"start":{"line":95,"column":20},"end":{"line":95,"column":47}},"35":{"start":{"line":97,"column":6},"end":{"line":99,"column":7}},"36":{"start":{"line":98,"column":8},"end":{"line":98,"column":69}},"37":{"start":{"line":101,"column":6},"end":{"line":103,"column":7}},"38":{"start":{"line":102,"column":8},"end":{"line":102,"column":70}},"39":{"start":{"line":106,"column":4},"end":{"line":106,"column":25}},"40":{"start":{"line":107,"column":4},"end":{"line":107,"column":47}},"41":{"start":{"line":110,"column":23},"end":{"line":125,"column":3}},"42":{"start":{"line":111,"column":4},"end":{"line":111,"column":23}},"43":{"start":{"line":113,"column":4},"end":{"line":115,"column":5}},"44":{"start":{"line":114,"column":6},"end":{"line":114,"column":13}},"45":{"start":{"line":117,"column":48},"end":{"line":122,"column":5}},"46":{"start":{"line":124,"column":4},"end":{"line":124,"column":48}},"47":{"start":{"line":127,"column":28},"end":{"line":139,"column":3}},"48":{"start":{"line":128,"column":4},"end":{"line":128,"column":55}},"49":{"start":{"line":128,"column":25},"end":{"line":128,"column":52}},"50":{"start":{"line":131,"column":4},"end":{"line":133,"column":5}},"51":{"start":{"line":132,"column":6},"end":{"line":132,"column":59}},"52":{"start":{"line":132,"column":25},"end":{"line":132,"column":56}},"53":{"start":{"line":136,"column":4},"end":{"line":138,"column":5}},"54":{"start":{"line":137,"column":6},"end":{"line":137,"column":59}},"55":{"start":{"line":137,"column":25},"end":{"line":137,"column":56}},"56":{"start":{"line":141,"column":29},"end":{"line":148,"column":3}},"57":{"start":{"line":142,"column":17},"end":{"line":142,"column":35}},"58":{"start":{"line":143,"column":18},"end":{"line":143,"column":62}},"59":{"start":{"line":144,"column":16},"end":{"line":144,"column":55}},"60":{"start":{"line":145,"column":18},"end":{"line":145,"column":58}},"61":{"start":{"line":146,"column":20},"end":{"line":146,"column":62}},"62":{"start":{"line":147,"column":4},"end":{"line":147,"column":57}},"63":{"start":{"line":151,"column":2},"end":{"line":161,"column":9}},"64":{"start":{"line":152,"column":16},"end":{"line":152,"column":26}},"65":{"start":{"line":153,"column":22},"end":{"line":153,"column":62}},"66":{"start":{"line":154,"column":20},"end":{"line":154,"column":65}},"67":{"start":{"line":156,"column":4},"end":{"line":160,"column":8}},"68":{"start":{"line":156,"column":25},"end":{"line":160,"column":5}},"69":{"start":{"line":163,"column":2},"end":{"line":329,"column":4}},"70":{"start":{"line":200,"column":35},"end":{"line":200,"column":76}},"71":{"start":{"line":224,"column":35},"end":{"line":224,"column":83}},"72":{"start":{"line":258,"column":39},"end":{"line":258,"column":86}},"73":{"start":{"line":280,"column":39},"end":{"line":280,"column":84}},"74":{"start":{"line":312,"column":29},"end":{"line":312,"column":51}}},"fnMap":{"0":{"name":"(anonymous_0)","decl":{"start":{"line":29,"column":33},"end":{"line":29,"column":34}},"loc":{"start":{"line":29,"column":39},"end":{"line":330,"column":1}},"line":29},"1":{"name":"(anonymous_1)","decl":{"start":{"line":43,"column":4},"end":{"line":43,"column":5}},"loc":{"start":{"line":43,"column":37},"end":{"line":43,"column":69}},"line":43},"2":{"name":"(anonymous_2)","decl":{"start":{"line":45,"column":17},"end":{"line":45,"column":18}},"loc":{"start":{"line":45,"column":31},"end":{"line":48,"column":7}},"line":45},"3":{"name":"(anonymous_3)","decl":{"start":{"line":49,"column":15},"end":{"line":49,"column":16}},"loc":{"start":{"line":49,"column":31},"end":{"line":54,"column":7}},"line":49},"4":{"name":"(anonymous_4)","decl":{"start":{"line":58,"column":23},"end":{"line":58,"column":24}},"loc":{"start":{"line":58,"column":38},"end":{"line":108,"column":3}},"line":58},"5":{"name":"(anonymous_5)","decl":{"start":{"line":110,"column":23},"end":{"line":110,"column":24}},"loc":{"start":{"line":110,"column":53},"end":{"line":125,"column":3}},"line":110},"6":{"name":"(anonymous_6)","decl":{"start":{"line":127,"column":28},"end":{"line":127,"column":29}},"loc":{"start":{"line":127,"column":70},"end":{"line":139,"column":3}},"line":127},"7":{"name":"(anonymous_7)","decl":{"start":{"line":128,"column":16},"end":{"line":128,"column":17}},"loc":{"start":{"line":128,"column":25},"end":{"line":128,"column":52}},"line":128},"8":{"name":"(anonymous_8)","decl":{"start":{"line":132,"column":16},"end":{"line":132,"column":17}},"loc":{"start":{"line":132,"column":25},"end":{"line":132,"column":56}},"line":132},"9":{"name":"(anonymous_9)","decl":{"start":{"line":137,"column":16},"end":{"line":137,"column":17}},"loc":{"start":{"line":137,"column":25},"end":{"line":137,"column":56}},"line":137},"10":{"name":"(anonymous_10)","decl":{"start":{"line":141,"column":29},"end":{"line":141,"column":30}},"loc":{"start":{"line":141,"column":53},"end":{"line":148,"column":3}},"line":141},"11":{"name":"(anonymous_11)","decl":{"start":{"line":151,"column":18},"end":{"line":151,"column":19}},"loc":{"start":{"line":151,"column":24},"end":{"line":161,"column":3}},"line":151},"12":{"name":"(anonymous_12)","decl":{"start":{"line":156,"column":16},"end":{"line":156,"column":17}},"loc":{"start":{"line":156,"column":25},"end":{"line":160,"column":5}},"line":156},"13":{"name":"(anonymous_13)","decl":{"start":{"line":200,"column":28},"end":{"line":200,"column":29}},"loc":{"start":{"line":200,"column":35},"end":{"line":200,"column":76}},"line":200},"14":{"name":"(anonymous_14)","decl":{"start":{"line":224,"column":28},"end":{"line":224,"column":29}},"loc":{"start":{"line":224,"column":35},"end":{"line":224,"column":83}},"line":224},"15":{"name":"(anonymous_15)","decl":{"start":{"line":258,"column":32},"end":{"line":258,"column":33}},"loc":{"start":{"line":258,"column":39},"end":{"line":258,"column":86}},"line":258},"16":{"name":"(anonymous_16)","decl":{"start":{"line":280,"column":32},"end":{"line":280,"column":33}},"loc":{"start":{"line":280,"column":39},"end":{"line":280,"column":84}},"line":280},"17":{"name":"(anonymous_17)","decl":{"start":{"line":312,"column":23},"end":{"line":312,"column":24}},"loc":{"start":{"line":312,"column":29},"end":{"line":312,"column":51}},"line":312}},"branchMap":{"0":{"loc":{"start":{"line":52,"column":19},"end":{"line":52,"column":97}},"type":"binary-expr","locations":[{"start":{"line":52,"column":19},"end":{"line":52,"column":47}},{"start":{"line":52,"column":51},"end":{"line":52,"column":97}}],"line":52},"1":{"loc":{"start":{"line":61,"column":4},"end":{"line":67,"column":5}},"type":"if","locations":[{"start":{"line":61,"column":4},"end":{"line":67,"column":5}},{"start":{"line":63,"column":11},"end":{"line":67,"column":5}}],"line":61},"2":{"loc":{"start":{"line":63,"column":11},"end":{"line":67,"column":5}},"type":"if","locations":[{"start":{"line":63,"column":11},"end":{"line":67,"column":5}},{"start":{"line":65,"column":11},"end":{"line":67,"column":5}}],"line":63},"3":{"loc":{"start":{"line":65,"column":11},"end":{"line":67,"column":5}},"type":"if","locations":[{"start":{"line":65,"column":11},"end":{"line":67,"column":5}},{"start":{},"end":{}}],"line":65},"4":{"loc":{"start":{"line":69,"column":4},"end":{"line":71,"column":5}},"type":"if","locations":[{"start":{"line":69,"column":4},"end":{"line":71,"column":5}},{"start":{},"end":{}}],"line":69},"5":{"loc":{"start":{"line":69,"column":8},"end":{"line":69,"column":65}},"type":"binary-expr","locations":[{"start":{"line":69,"column":8},"end":{"line":69,"column":28}},{"start":{"line":69,"column":32},"end":{"line":69,"column":65}}],"line":69},"6":{"loc":{"start":{"line":73,"column":4},"end":{"line":75,"column":5}},"type":"if","locations":[{"start":{"line":73,"column":4},"end":{"line":75,"column":5}},{"start":{},"end":{}}],"line":73},"7":{"loc":{"start":{"line":77,"column":4},"end":{"line":79,"column":5}},"type":"if","locations":[{"start":{"line":77,"column":4},"end":{"line":79,"column":5}},{"start":{},"end":{}}],"line":77},"8":{"loc":{"start":{"line":81,"column":4},"end":{"line":104,"column":5}},"type":"if","locations":[{"start":{"line":81,"column":4},"end":{"line":104,"column":5}},{"start":{},"end":{}}],"line":81},"9":{"loc":{"start":{"line":81,"column":8},"end":{"line":81,"column":48}},"type":"binary-expr","locations":[{"start":{"line":81,"column":8},"end":{"line":81,"column":27}},{"start":{"line":81,"column":31},"end":{"line":81,"column":48}}],"line":81},"10":{"loc":{"start":{"line":86,"column":6},"end":{"line":88,"column":7}},"type":"if","locations":[{"start":{"line":86,"column":6},"end":{"line":88,"column":7}},{"start":{},"end":{}}],"line":86},"11":{"loc":{"start":{"line":90,"column":6},"end":{"line":92,"column":7}},"type":"if","locations":[{"start":{"line":90,"column":6},"end":{"line":92,"column":7}},{"start":{},"end":{}}],"line":90},"12":{"loc":{"start":{"line":97,"column":6},"end":{"line":99,"column":7}},"type":"if","locations":[{"start":{"line":97,"column":6},"end":{"line":99,"column":7}},{"start":{},"end":{}}],"line":97},"13":{"loc":{"start":{"line":101,"column":6},"end":{"line":103,"column":7}},"type":"if","locations":[{"start":{"line":101,"column":6},"end":{"line":103,"column":7}},{"start":{},"end":{}}],"line":101},"14":{"loc":{"start":{"line":113,"column":4},"end":{"line":115,"column":5}},"type":"if","locations":[{"start":{"line":113,"column":4},"end":{"line":115,"column":5}},{"start":{},"end":{}}],"line":113},"15":{"loc":{"start":{"line":119,"column":19},"end":{"line":119,"column":59}},"type":"binary-expr","locations":[{"start":{"line":119,"column":19},"end":{"line":119,"column":46}},{"start":{"line":119,"column":50},"end":{"line":119,"column":59}}],"line":119},"16":{"loc":{"start":{"line":131,"column":4},"end":{"line":133,"column":5}},"type":"if","locations":[{"start":{"line":131,"column":4},"end":{"line":133,"column":5}},{"start":{},"end":{}}],"line":131},"17":{"loc":{"start":{"line":136,"column":4},"end":{"line":138,"column":5}},"type":"if","locations":[{"start":{"line":136,"column":4},"end":{"line":138,"column":5}},{"start":{},"end":{}}],"line":136},"18":{"loc":{"start":{"line":173,"column":9},"end":{"line":183,"column":9}},"type":"binary-expr","locations":[{"start":{"line":173,"column":9},"end":{"line":173,"column":23}},{"start":{"line":174,"column":10},"end":{"line":182,"column":16}}],"line":173},"19":{"loc":{"start":{"line":202,"column":20},"end":{"line":202,"column":104}},"type":"cond-expr","locations":[{"start":{"line":202,"column":34},"end":{"line":202,"column":99}},{"start":{"line":202,"column":102},"end":{"line":202,"column":104}}],"line":202},"20":{"loc":{"start":{"line":207,"col
[...]
,"/home/admin-ts/techlabs-automation/frontend/src/store/slices/authSlice.ts": {"path":"/home/admin-ts/techlabs-automation/frontend/src/store/slices/authSlice.ts","statementMap":{"0":{"start":{"line":13,"column":32},"end":{"line":19,"column":1}},"1":{"start":{"line":30,"column":24},"end":{"line":36,"column":1}},"2":{"start":{"line":31,"column":2},"end":{"line":34,"column":3}},"3":{"start":{"line":32,"column":21},"end":{"line":32,"column":38}},"4":{"start":{"line":33,"column":4},"end":{"line":33,"column":61}},"5":{"start":{"line":35,"column":2},"end":{"line":35,"column":24}},"6":{"start":{"line":39,"column":21},"end":{"line":50,"column":1}},"7":{"start":{"line":42,"column":4},"end":{"line":48,"column":5}},"8":{"start":{"line":43,"column":23},"end":{"line":43,"column":55}},"9":{"start":{"line":44,"column":6},"end":{"line":44,"column":59}},"10":{"start":{"line":45,"column":6},"end":{"line":45,"column":22}},"11":{"start":{"line":47,"column":6},"end":{"line":47,"column":53}},"12":{"start":{"line":52,"column":27},"end":{"line":63,"column":1}},"13":{"start":{"line":55,"column":4},"end":{"line":61,"column":5}},"14":{"start":{"line":56,"column":23},"end":{"line":56,"column":50}},"15":{"start":{"line":57,"column":6},"end":{"line":57,"column":22}},"16":{"start":{"line":59,"column":6},"end":{"line":59,"column":39}},"17":{"start":{"line":60,"column":6},"end":{"line":60,"column":58}},"18":{"start":{"line":65,"column":18},"end":{"line":110,"column":2}},"19":{"start":{"line":70,"column":6},"end":{"line":70,"column":36}},"20":{"start":{"line":71,"column":6},"end":{"line":71,"column":24}},"21":{"start":{"line":72,"column":6},"end":{"line":72,"column":25}},"22":{"start":{"line":73,"column":6},"end":{"line":73,"column":39}},"23":{"start":{"line":76,"column":6},"end":{"line":76,"column":25}},"24":{"start":{"line":80,"column":4},"end":{"line":108,"column":9}},"25":{"start":{"line":83,"column":8},"end":{"line":83,"column":29}},"26":{"start":{"line":84,"column":8},"end":{"line":84,"column":27}},"27":{"start":{"line":87,"column":8},"end":{"line":87,"column":30}},"28":{"start":{"line":88,"column":8},"end":{"line":88,"column":37}},"29":{"start":{"line":89,"column":8},"end":{"line":89,"column":50}},"30":{"start":{"line":90,"column":8},"end":{"line":90,"column":27}},"31":{"start":{"line":93,"column":8},"end":{"line":93,"column":30}},"32":{"start":{"line":94,"column":8},"end":{"line":94,"column":47}},"33":{"start":{"line":98,"column":8},"end":{"line":98,"column":29}},"34":{"start":{"line":101,"column":8},"end":{"line":101,"column":30}},"35":{"start":{"line":102,"column":8},"end":{"line":102,"column":55}},"36":{"start":{"line":105,"column":8},"end":{"line":105,"column":30}},"37":{"start":{"line":106,"column":8},"end":{"line":106,"column":38}},"38":{"start":{"line":107,"column":8},"end":{"line":107,"column":27}},"39":{"start":{"line":112,"column":38},"end":{"line":112,"column":55}}},"fnMap":{"0":{"name":"(anonymous_0)","decl":{"start":{"line":30,"column":24},"end":{"line":30,"column":25}},"loc":{"start":{"line":30,"column":52},"end":{"line":36,"column":1}},"line":30},"1":{"name":"(anonymous_1)","decl":{"start":{"line":41,"column":2},"end":{"line":41,"column":3}},"loc":{"start":{"line":41,"column":60},"end":{"line":49,"column":3}},"line":41},"2":{"name":"(anonymous_2)","decl":{"start":{"line":54,"column":2},"end":{"line":54,"column":3}},"loc":{"start":{"line":54,"column":36},"end":{"line":62,"column":3}},"line":54},"3":{"name":"(anonymous_3)","decl":{"start":{"line":69,"column":12},"end":{"line":69,"column":13}},"loc":{"start":{"line":69,"column":23},"end":{"line":74,"column":5}},"line":69},"4":{"name":"(anonymous_4)","decl":{"start":{"line":75,"column":16},"end":{"line":75,"column":17}},"loc":{"start":{"line":75,"column":27},"end":{"line":77,"column":5}},"line":75},"5":{"name":"(anonymous_5)","decl":{"start":{"line":79,"column":17},"end":{"line":79,"column":18}},"loc":{"start":{"line":79,"column":30},"end":{"line":109,"column":3}},"line":79},"6":{"name":"(anonymous_6)","decl":{"start":{"line":82,"column":30},"end":{"line":82,"column":31}},"loc":{"start":{"line":82,"column":41},"end":{"line":85,"column":7}},"line":82},"7":{"name":"(anonymous_7)","decl":{"start":{"line":86,"column":32},"end":{"line":86,"column":33}},"loc":{"start":{"line":86,"column":81},"end":{"line":91,"column":7}},"line":86},"8":{"name":"(anonymous_8)","decl":{"start":{"line":92,"column":31},"end":{"line":92,"column":32}},"loc":{"start":{"line":92,"column":50},"end":{"line":95,"column":7}},"line":92},"9":{"name":"(anonymous_9)","decl":{"start":{"line":97,"column":36},"end":{"line":97,"column":37}},"loc":{"start":{"line":97,"column":47},"end":{"line":99,"column":7}},"line":97},"10":{"name":"(anonymous_10)","decl":{"start":{"line":100,"column":38},"end":{"line":100,"column":39}},"loc":{"start":{"line":100,"column":57},"end":{"line":103,"column":7}},"line":100},"11":{"name":"(anonymous_11)","decl":{"start":{"line":104,"column":37},"end":{"line":104,"column":38}},"loc":{"start":{"line":104,"column":48},"end":{"line":108,"column":7}},"line":104}},"branchMap":{"0":{"loc":{"start":{"line":31,"column":2},"end":{"line":34,"column":3}},"type":"if","locations":[{"start":{"line":31,"column":2},"end":{"line":34,"column":3}},{"start":{},"end":{}}],"line":31},"1":{"loc":{"start":{"line":31,"column":6},"end":{"line":31,"column":63}},"type":"binary-expr","locations":[{"start":{"line":31,"column":6},"end":{"line":31,"column":11}},{"start":{"line":31,"column":15},"end":{"line":31,"column":40}},{"start":{"line":31,"column":44},"end":{"line":31,"column":63}}],"line":31},"2":{"loc":{"start":{"line":33,"column":11},"end":{"line":33,"column":60}},"type":"binary-expr","locations":[{"start":{"line":33,"column":11},"end":{"line":33,"column":42}},{"start":{"line":33,"column":46},"end":{"line":33,"column":60}}],"line":33}},"s":{"0":0,"1":0,"2":0,"3":0,"4":0,"5":0,"6":0,"7":0,"8":0,"9":0,"10":0,"11":0,"12":0,"13":0,"14":0,"15":0,"16":0,"17":0,"18":0,"19":0,"20":0,"21":0,"22":0,"23":0,"24":0,"25":0,"26":0,"27":0,"28":0,"29":0,"30":0,"31":0,"32":0,"33":0,"34":0,"35":0,"36":0,"37":0,"38":0,"39":0},"f":{"0":0,"1":0,"2":0,"3":0,"4":0,"5":0,"6":0,"7":0,"8":0,"9":0,"10":0,"11":0},"b":{"0":[0,0],"1":[0,0,0],"2":[0,0]}}
,"/home/admin-ts/techlabs-automation/frontend/src/store/slices/uiSlice.ts": {"path":"/home/admin-ts/techlabs-automation/frontend/src/store/slices/uiSlice.ts","statementMap":{"0":{"start":{"line":17,"column":30},"end":{"line":21,"column":1}},"1":{"start":{"line":23,"column":16},"end":{"line":56,"column":2}},"2":{"start":{"line":28,"column":6},"end":{"line":28,"column":45}},"3":{"start":{"line":31,"column":6},"end":{"line":31,"column":41}},"4":{"start":{"line":34,"column":6},"end":{"line":34,"column":39}},"5":{"start":{"line":37,"column":41},"end":{"line":41,"column":7}},"6":{"start":{"line":42,"column":6},"end":{"line":42,"column":48}},"7":{"start":{"line":45,"column":6},"end":{"line":47,"column":7}},"8":{"start":{"line":46,"column":8},"end":{"line":46,"column":63}},"9":{"start":{"line":50,"column":6},"end":{"line":50,"column":85}},"10":{"start":{"line":50,"column":60},"end":{"line":50,"column":83}},"11":{"start":{"line":53,"column":6},"end":{"line":53,"column":31}},"12":{"start":{"line":65,"column":4},"end":{"line":65,"column":19}}},"fnMap":{"0":{"name":"(anonymous_0)","decl":{"start":{"line":27,"column":19},"end":{"line":27,"column":20}},"loc":{"start":{"line":27,"column":30},"end":{"line":29,"column":5}},"line":27},"1":{"name":"(anonymous_1)","decl":{"start":{"line":30,"column":20},"end":{"line":30,"column":21}},"loc":{"start":{"line":30,"column":63},"end":{"line":32,"column":5}},"line":30},"2":{"name":"(anonymous_2)","decl":{"start":{"line":33,"column":20},"end":{"line":33,"column":21}},"loc":{"start":{"line":33,"column":31},"end":{"line":35,"column":5}},"line":33},"3":{"name":"(anonymous_3)","decl":{"start":{"line":36,"column":21},"end":{"line":36,"column":22}},"loc":{"start":{"line":36,"column":95},"end":{"line":48,"column":5}},"line":36},"4":{"name":"(anonymous_4)","decl":{"start":{"line":49,"column":24},"end":{"line":49,"column":25}},"loc":{"start":{"line":49,"column":66},"end":{"line":51,"column":5}},"line":49},"5":{"name":"(anonymous_5)","decl":{"start":{"line":50,"column":55},"end":{"line":50,"column":56}},"loc":{"start":{"line":50,"column":60},"end":{"line":50,"column":83}},"line":50},"6":{"name":"(anonymous_6)","decl":{"start":{"line":52,"column":24},"end":{"line":52,"column":25}},"loc":{"start":{"line":52,"column":35},"end":{"line":54,"column":5}},"line":52}},"branchMap":{"0":{"loc":{"start":{"line":45,"column":6},"end":{"line":47,"column":7}},"type":"if","locations":[{"start":{"line":45,"column":6},"end":{"line":47,"column":7}},{"start":{},"end":{}}],"line":45}},"s":{"0":0,"1":0,"2":0,"3":0,"4":0,"5":0,"6":0,"7":0,"8":0,"9":0,"10":0,"11":0,"12":0},"f":{"0":0,"1":0,"2":0,"3":0,"4":0,"5":0,"6":0},"b":{"0":[0,0]}}
,"/home/admin-ts/techlabs-automation/frontend/src/store/slices/workshopSlice.ts": {"path":"/home/admin-ts/techlabs-automation/frontend/src/store/slices/workshopSlice.ts","statementMap":{"0":{"start":{"line":12,"column":36},"end":{"line":18,"column":1}},"1":{"start":{"line":20,"column":22},"end":{"line":104,"column":2}},"2":{"start":{"line":25,"column":6},"end":{"line":25,"column":37}},"3":{"start":{"line":28,"column":6},"end":{"line":28,"column":35}},"4":{"start":{"line":31,"column":6},"end":{"line":31,"column":39}},"5":{"start":{"line":34,"column":6},"end":{"line":34,"column":45}},"6":{"start":{"line":37,"column":6},"end":{"line":37,"column":54}},"7":{"start":{"line":40,"column":20},"end":{"line":40,"column":78}},"8":{"start":{"line":40,"column":51},"end":{"line":40,"column":77}},"9":{"start":{"line":41,"column":6},"end":{"line":43,"column":7}},"10":{"start":{"line":42,"column":8},"end":{"line":42,"column":48}},"11":{"start":{"line":46,"column":6},"end":{"line":46,"column":46}},"12":{"start":{"line":49,"column":6},"end":{"line":49,"column":77}},"13":{"start":{"line":49,"column":52},"end":{"line":49,"column":75}},"14":{"start":{"line":52,"column":20},"end":{"line":52,"column":93}},"15":{"start":{"line":52,"column":66},"end":{"line":52,"column":92}},"16":{"start":{"line":53,"column":6},"end":{"line":55,"column":7}},"17":{"start":{"line":54,"column":8},"end":{"line":54,"column":63}},"18":{"start":{"line":58,"column":6},"end":{"line":58,"column":58}},"19":{"start":{"line":61,"column":6},"end":{"line":61,"column":107}},"20":{"start":{"line":61,"column":82},"end":{"line":61,"column":105}},"21":{"start":{"line":64,"column":6},"end":{"line":64,"column":35}},"22":{"start":{"line":65,"column":6},"end":{"line":65,"column":42}},"23":{"start":{"line":72,"column":46},"end":{"line":72,"column":60}},"24":{"start":{"line":75,"column":23},"end":{"line":75,"column":84}},"25":{"start":{"line":75,"column":64},"end":{"line":75,"column":83}},"26":{"start":{"line":76,"column":6},"end":{"line":84,"column":7}},"27":{"start":{"line":77,"column":8},"end":{"line":77,"column":40}},"28":{"start":{"line":78,"column":8},"end":{"line":80,"column":9}},"29":{"start":{"line":79,"column":10},"end":{"line":79,"column":55}},"30":{"start":{"line":81,"column":8},"end":{"line":83,"column":9}},"31":{"start":{"line":82,"column":10},"end":{"line":82,"column":51}},"32":{"start":{"line":90,"column":37},"end":{"line":90,"column":51}},"33":{"start":{"line":93,"column":23},"end":{"line":93,"column":69}},"34":{"start":{"line":93,"column":49},"end":{"line":93,"column":68}},"35":{"start":{"line":94,"column":6},"end":{"line":96,"column":7}},"36":{"start":{"line":95,"column":8},"end":{"line":95,"column":40}},"37":{"start":{"line":99,"column":6},"end":{"line":101,"column":7}},"38":{"start":{"line":100,"column":8},"end":{"line":100,"column":53}},"39":{"start":{"line":121,"column":4},"end":{"line":121,"column":25}}},"fnMap":{"0":{"name":"(anonymous_0)","decl":{"start":{"line":24,"column":16},"end":{"line":24,"column":17}},"loc":{"start":{"line":24,"column":59},"end":{"line":26,"column":5}},"line":24},"1":{"name":"(anonymous_1)","decl":{"start":{"line":27,"column":14},"end":{"line":27,"column":15}},"loc":{"start":{"line":27,"column":63},"end":{"line":29,"column":5}},"line":27},"2":{"name":"(anonymous_2)","decl":{"start":{"line":30,"column":18},"end":{"line":30,"column":19}},"loc":{"start":{"line":30,"column":71},"end":{"line":32,"column":5}},"line":30},"3":{"name":"(anonymous_3)","decl":{"start":{"line":33,"column":24},"end":{"line":33,"column":25}},"loc":{"start":{"line":33,"column":75},"end":{"line":35,"column":5}},"line":33},"4":{"name":"(anonymous_4)","decl":{"start":{"line":36,"column":33},"end":{"line":36,"column":34}},"loc":{"start":{"line":36,"column":79},"end":{"line":38,"column":5}},"line":36},"5":{"name":"(anonymous_5)","decl":{"start":{"line":39,"column":20},"end":{"line":39,"column":21}},"loc":{"start":{"line":39,"column":71},"end":{"line":44,"column":5}},"line":39},"6":{"name":"(anonymous_6)","decl":{"start":{"line":40,"column":46},"end":{"line":40,"column":47}},"loc":{"start":{"line":40,"column":51},"end":{"line":40,"column":77}},"line":40},"7":{"name":"(anonymous_7)","decl":{"start":{"line":45,"column":17},"end":{"line":45,"column":18}},"loc":{"start":{"line":45,"column":68},"end":{"line":47,"column":5}},"line":45},"8":{"name":"(anonymous_8)","decl":{"start":{"line":48,"column":20},"end":{"line":48,"column":21}},"loc":{"start":{"line":48,"column":62},"end":{"line":50,"column":5}},"line":48},"9":{"name":"(anonymous_9)","decl":{"start":{"line":49,"column":47},"end":{"line":49,"column":48}},"loc":{"start":{"line":49,"column":52},"end":{"line":49,"column":75}},"line":49},"10":{"name":"(anonymous_10)","decl":{"start":{"line":51,"column":20},"end":{"line":51,"column":21}},"loc":{"start":{"line":51,"column":64},"end":{"line":56,"column":5}},"line":51},"11":{"name":"(anonymous_11)","decl":{"start":{"line":52,"column":61},"end":{"line":52,"column":62}},"loc":{"start":{"line":52,"column":66},"end":{"line":52,"column":92}},"line":52},"12":{"name":"(anonymous_12)","decl":{"start":{"line":57,"column":17},"end":{"line":57,"column":18}},"loc":{"start":{"line":57,"column":61},"end":{"line":59,"column":5}},"line":57},"13":{"name":"(anonymous_13)","decl":{"start":{"line":60,"column":20},"end":{"line":60,"column":21}},"loc":{"start":{"line":60,"column":62},"end":{"line":62,"column":5}},"line":60},"14":{"name":"(anonymous_14)","decl":{"start":{"line":61,"column":77},"end":{"line":61,"column":78}},"loc":{"start":{"line":61,"column":82},"end":{"line":61,"column":105}},"line":61},"15":{"name":"(anonymous_15)","decl":{"start":{"line":63,"column":26},"end":{"line":63,"column":27}},"loc":{"start":{"line":63,"column":37},"end":{"line":66,"column":5}},"line":63},"16":{"name":"(anonymous_16)","decl":{"start":{"line":67,"column":26},"end":{"line":67,"column":27}},"loc":{"start":{"line":71,"column":11},"end":{"line":85,"column":5}},"line":71},"17":{"name":"(anonymous_17)","decl":{"start":{"line":75,"column":59},"end":{"line":75,"column":60}},"loc":{"start":{"line":75,"column":64},"end":{"line":75,"column":83}},"line":75},"18":{"name":"(anonymous_18)","decl":{"start":{"line":86,"column":26},"end":{"line":86,"column":27}},"loc":{"start":{"line":89,"column":11},"end":{"line":102,"column":5}},"line":89},"19":{"name":"(anonymous_19)","decl":{"start":{"line":93,"column":44},"end":{"line":93,"column":45}},"loc":{"start":{"line":93,"column":49},"end":{"line":93,"column":68}},"line":93}},"branchMap":{"0":{"loc":{"start":{"line":41,"column":6},"end":{"line":43,"column":7}},"type":"if","locations":[{"start":{"line":41,"column":6},"end":{"line":43,"column":7}},{"start":{},"end":{}}],"line":41},"1":{"loc":{"start":{"line":53,"column":6},"end":{"line":55,"column":7}},"type":"if","locations":[{"start":{"line":53,"column":6},"end":{"line":55,"column":7}},{"start":{},"end":{}}],"line":53},"2":{"loc":{"start":{"line":76,"column":6},"end":{"line":84,"column":7}},"type":"if","locations":[{"start":{"line":76,"column":6},"end":{"line":84,"column":7}},{"start":{},"end":{}}],"line":76},"3":{"loc":{"start":{"line":78,"column":8},"end":{"line":80,"column":9}},"type":"if","locations":[{"start":{"line":78,"column":8},"end":{"line":80,"column":9}},{"start":{},"end":{}}],"line":78},"4":{"loc":{"start":{"line":81,"column":8},"end":{"line":83,"column":9}},"type":"if","locations":[{"start":{"line":81,"column":8},"end":{"line":83,"column":9}},{"start":{},"end":{}}],"line":81},"5":{"loc":{"start":{"line":94,"column":6},"end":{"line":96,"column":7}},"type":"if","locations":[{"start":{"line":94,"column":6},"end":{"line":96,"column":7}},{"start":{},"end":{}}],"line":94},"6":{"loc":{"start":{"line":99,"column":6},"end":{"line":101,"column":7}},"type":"if","locations":[{"start":{"line":99,"column":6},"end":{"line":101,"column":7}},{"start":{},"end":{}}],"line":99}},"s":{"0":0,"1":0,"2":0,"3":0,"4":0,"5":0,"6":0,"7":0,"8":0,"9":0,"10":0,"11":0,"12":0,"13":0,"14":0,"15":0,"16":0,"17":0,"18":0,"19":0,"20":0,"21":0,"22":0,"23":0,"24":0,"25":0,"26":0,"27":0,"28":0,"29":0,"30":0,"31":0,"32":0,"33":0,"34":0,"35":0,"36":0,"37":0,"38":0,"39":0},"f":{"0":0,"1":0,"2":0,"3":0,"4":0,"5":0,"6":0,"7":0,"8":0,"9":0,"10":0,"11":0,"12":0,"13":0,"14":0,"15":0,"16":0,"17":0,"18":0,"19":0},"b":{"0":[0,0],"1":[0,0],"2":[0,0],"3":[0,0],"4":[0,0],"5":[0,0],"6":[0,0]}}
,"/home/admin-ts/techlabs-automation/frontend/src/types/index.ts": {"path":"/home/admin-ts/techlabs-automation/frontend/src/types/index.ts","statementMap":{},"fnMap":{},"branchMap":{},"s":{},"f":{},"b":{}}
,"/home/admin-ts/techlabs-automation/frontend/src/types/schemas.ts": {"path":"/home/admin-ts/techlabs-automation/frontend/src/types/schemas.ts","statementMap":{"0":{"start":{"line":4,"column":23},"end":{"line":4,"column":44}},"1":{"start":{"line":5,"column":20},"end":{"line":5,"column":38}},"2":{"start":{"line":6,"column":29},"end":{"line":6,"column":46}},"3":{"start":{"line":9,"column":36},"end":{"line":16,"column":2}},"4":{"start":{"line":19,"column":36},"end":{"line":26,"column":2}},"5":{"start":{"line":29,"column":38},"end":{"line":29,"column":84}},"6":{"start":{"line":30,"column":38},"end":{"line":30,"column":91}},"7":{"start":{"line":33,"column":30},"end":{"line":43,"column":2}},"8":{"start":{"line":45,"column":37},"end":{"line":48,"column":2}},"9":{"start":{"line":50,"column":30},"end":{"line":60,"column":2}},"10":{"start":{"line":62,"column":41},"end":{"line":69,"column":2}},"11":{"start":{"line":71,"column":35},"end":{"line":80,"column":2}},"12":{"start":{"line":83,"column":34},"end":{"line":86,"column":2}},"13":{"start":{"line":88,"column":35},"end":{"line":91,"column":2}},"14":{"start":{"line":93,"column":43},"end":{"line":98,"column":2}},"15":{"start":{"line":100,"column":43},"end":{"line":106,"column":2}},"16":{"start":{"line":108,"column":43},"end":{"line":111,"column":2}},"17":{"start":{"line":113,"column":33},"end":{"line":116,"column":2}},"18":{"start":{"line":113,"column":76},"end":{"line":116,"column":2}},"19":{"start":{"line":118,"column":30},"end":{"line":121,"column":2}},"20":{"start":{"line":123,"column":34},"end":{"line":129,"column":2}},"21":{"start":{"line":131,"column":26},"end":{"line":133,"column":2}}},"fnMap":{"0":{"name":"(anonymous_0)","decl":{"start":{"line":113,"column":33},"end":{"line":113,"column":34}},"loc":{"start":{"line":113,"column":76},"end":{"line":116,"column":2}},"line":113}},"branchMap":{},"s":{"0":1,"1":1,"2":1,"3":1,"4":1,"5":1,"6":1,"7":1,"8":1,"9":1,"10":1,"11":1,"12":1,"13":1,"14":1,"15":1,"16":1,"17":1,"18":0,"19":1,"20":1,"21":1},"f":{"0":0},"b":{},"_coverageSchema":"1a1c01bbd47fc00a2c39e90264f33305004495a9","hash":"87f2fa26bf7464347456f6170885854a4e437a54"}
}
